Using pre-set license
Built from '2022.3/staging' branch; Version is '2022.3.27f1 (73effa14754f) revision 7598074'; Using compiler version '192829333'; Build Type 'Release'
OS: 'Windows 11  (10.0.22621) 64bit CoreSingleLanguage' Language: 'en' Physical Memory: 7914 MB
BatchMode: 1, IsHumanControllingUs: 0, StartBugReporterOnCrash: 0, Is64bit: 1, IsPro: 1

COMMAND LINE ARGUMENTS:
D:\Program Files\Unity\Hub\Editor\2022.3.27f1\Editor\Unity.exe
-adb2
-batchMode
-noUpm
-name
AssetImportWorker5
-projectPath
D:/Users/Document/Code-Project-File/Projects/UnityGame/Arcane_Realms
-logFile
Logs/AssetImportWorker5.log
-srvPort
50417
Successfully changed project path to: D:/Users/Document/Code-Project-File/Projects/UnityGame/Arcane_Realms
D:/Users/Document/Code-Project-File/Projects/UnityGame/Arcane_Realms
[UnityMemory] Configuration Parameters - Can be set up in boot.config
    "memorysetup-bucket-allocator-granularity=16"
    "memorysetup-bucket-allocator-bucket-count=8"
    "memorysetup-bucket-allocator-block-size=33554432"
    "memorysetup-bucket-allocator-block-count=8"
    "memorysetup-main-allocator-block-size=16777216"
    "memorysetup-thread-allocator-block-size=16777216"
    "memorysetup-gfx-main-allocator-block-size=16777216"
    "memorysetup-gfx-thread-allocator-block-size=16777216"
    "memorysetup-cache-allocator-block-size=4194304"
    "memorysetup-typetree-allocator-block-size=2097152"
    "memorysetup-profiler-bucket-allocator-granularity=16"
    "memorysetup-profiler-bucket-allocator-bucket-count=8"
    "memorysetup-profiler-bucket-allocator-block-size=33554432"
    "memorysetup-profiler-bucket-allocator-block-count=8"
    "memorysetup-profiler-allocator-block-size=16777216"
    "memorysetup-profiler-editor-allocator-block-size=1048576"
    "memorysetup-temp-allocator-size-main=16777216"
    "memorysetup-job-temp-allocator-block-size=2097152"
    "memorysetup-job-temp-allocator-block-size-background=1048576"
    "memorysetup-job-temp-allocator-reduction-small-platforms=262144"
    "memorysetup-allocator-temp-initial-block-size-main=262144"
    "memorysetup-allocator-temp-initial-block-size-worker=262144"
    "memorysetup-temp-allocator-size-background-worker=32768"
    "memorysetup-temp-allocator-size-job-worker=262144"
    "memorysetup-temp-allocator-size-preload-manager=33554432"
    "memorysetup-temp-allocator-size-nav-mesh-worker=65536"
    "memorysetup-temp-allocator-size-audio-worker=65536"
    "memorysetup-temp-allocator-size-cloud-worker=32768"
    "memorysetup-temp-allocator-size-gi-baking-worker=262144"
    "memorysetup-temp-allocator-size-gfx=262144"
Player connection [12476] Host "[IP] 192.168.1.12 [Port] 0 [Flags] 2 [Guid] 3497662133 [EditorId] 3497662133 [Version] 1048832 [Id] WindowsEditor(7,DESKTOP-PD8BQA1) [Debug] 1 [PackageName] WindowsEditor [ProjectName] Editor" joined multi-casting on [225.0.0.222:54997]...

Player connection [12476] Host "[IP] 192.168.1.12 [Port] 0 [Flags] 2 [Guid] 3497662133 [EditorId] 3497662133 [Version] 1048832 [Id] WindowsEditor(7,DESKTOP-PD8BQA1) [Debug] 1 [PackageName] WindowsEditor [ProjectName] Editor" joined alternative multi-casting on [225.0.0.222:34997]...

[Physics::Module] Initialized MultithreadedJobDispatcher with 7 workers.
Refreshing native plugins compatible for Editor in 34.03 ms, found 4 plugins.
Preloading 0 native plugins for Editor in 0.00 ms.
Initialize engine version: 2022.3.27f1 (73effa14754f)
[Subsystems] Discovering subsystems at path D:/Program Files/Unity/Hub/Editor/2022.3.27f1/Editor/Data/Resources/UnitySubsystems
[Subsystems] Discovering subsystems at path D:/Users/Document/Code-Project-File/Projects/UnityGame/Arcane_Realms/Assets
GfxDevice: creating device client; threaded=0; jobified=0
Direct3D:
    Version:  Direct3D 11.0 [level 11.1]
    Renderer: NVIDIA GeForce MX330 (ID=0x1d16)
    Vendor:   NVIDIA
    VRAM:     1982 MB
    Driver:   31.0.15.4659
Initialize mono
Mono path[0] = 'D:/Program Files/Unity/Hub/Editor/2022.3.27f1/Editor/Data/Managed'
Mono path[1] = 'D:/Program Files/Unity/Hub/Editor/2022.3.27f1/Editor/Data/MonoBleedingEdge/lib/mono/unityjit-win32'
Mono config path = 'D:/Program Files/Unity/Hub/Editor/2022.3.27f1/Editor/Data/MonoBleedingEdge/etc'
Using monoOptions --debugger-agent=transport=dt_socket,embedding=1,server=y,suspend=n,address=127.0.0.1:56200
Begin MonoManager ReloadAssembly
Registering precompiled unity dll's ...
Register platform support module: D:/Program Files/Unity/Hub/Editor/2022.3.27f1/Editor/Data/PlaybackEngines/WindowsStandaloneSupport/UnityEditor.WindowsStandalone.Extensions.dll
Registered in 0.012985 seconds.
- Loaded All Assemblies, in  1.294 seconds
Native extension for WindowsStandalone target not found
Mono: successfully reloaded assembly
- Finished resetting the current domain, in  0.902 seconds
Domain Reload Profiling: 2196ms
	BeginReloadAssembly (520ms)
		ExecutionOrderSort (0ms)
		DisableScriptedObjects (0ms)
		BackupInstance (0ms)
		ReleaseScriptingObjects (0ms)
		CreateAndSetChildDomain (4ms)
	RebuildCommonClasses (126ms)
	RebuildNativeTypeToScriptingClass (39ms)
	initialDomainReloadingComplete (172ms)
	LoadAllAssembliesAndSetupDomain (435ms)
		LoadAssemblies (516ms)
		RebuildTransferFunctionScriptingTraits (0ms)
		AnalyzeDomain (430ms)
			TypeCache.Refresh (423ms)
				TypeCache.ScanAssembly (390ms)
			ScanForSourceGeneratedMonoScriptInfo (2ms)
			ResolveRequiredComponents (4ms)
	FinalizeReload (903ms)
		ReleaseScriptCaches (0ms)
		RebuildScriptCaches (0ms)
		SetupLoadedEditorAssemblies (686ms)
			LogAssemblyErrors (0ms)
			InitializePlatformSupportModulesInManaged (32ms)
			SetLoadedEditorAssemblies (20ms)
			RefreshPlugins (0ms)
			BeforeProcessingInitializeOnLoad (6ms)
			ProcessInitializeOnLoadAttributes (488ms)
			ProcessInitializeOnLoadMethodAttributes (139ms)
			AfterProcessingInitializeOnLoad (0ms)
			EditorAssembliesLoaded (0ms)
		ExecutionOrderSort2 (0ms)
		AwakeInstancesAfterBackupRestoration (0ms)
========================================================================
Worker process is ready to serve import requests
Begin MonoManager ReloadAssembly
- Loaded All Assemblies, in  1.913 seconds
Refreshing native plugins compatible for Editor in 9.37 ms, found 4 plugins.
Native extension for WindowsStandalone target not found
Package Manager log level set to [2]
[Package Manager] Server::EnsureServerProcessIsRunning -- launch failed, reason: Unity was launched with the -noUpm command-line argument
[Package Manager] UpmClient::Send -- Unable to send message (not connected to UPM process).
[Package Manager] Cannot connect to Unity Package Manager local server
Mono: successfully reloaded assembly
- Finished resetting the current domain, in  1.532 seconds
Domain Reload Profiling: 3442ms
	BeginReloadAssembly (376ms)
		ExecutionOrderSort (0ms)
		DisableScriptedObjects (10ms)
		BackupInstance (0ms)
		ReleaseScriptingObjects (0ms)
		CreateAndSetChildDomain (71ms)
	RebuildCommonClasses (68ms)
	RebuildNativeTypeToScriptingClass (22ms)
	initialDomainReloadingComplete (71ms)
	LoadAllAssembliesAndSetupDomain (1374ms)
		LoadAssemblies (925ms)
		RebuildTransferFunctionScriptingTraits (0ms)
		AnalyzeDomain (643ms)
			TypeCache.Refresh (551ms)
				TypeCache.ScanAssembly (497ms)
			ScanForSourceGeneratedMonoScriptInfo (73ms)
			ResolveRequiredComponents (15ms)
	FinalizeReload (1533ms)
		ReleaseScriptCaches (0ms)
		RebuildScriptCaches (0ms)
		SetupLoadedEditorAssemblies (1043ms)
			LogAssemblyErrors (0ms)
			InitializePlatformSupportModulesInManaged (11ms)
			SetLoadedEditorAssemblies (7ms)
			RefreshPlugins (0ms)
			BeforeProcessingInitializeOnLoad (148ms)
			ProcessInitializeOnLoadAttributes (777ms)
			ProcessInitializeOnLoadMethodAttributes (94ms)
			AfterProcessingInitializeOnLoad (5ms)
			EditorAssembliesLoaded (0ms)
		ExecutionOrderSort2 (0ms)
		AwakeInstancesAfterBackupRestoration (16ms)
Launched and connected shader compiler UnityShaderCompiler.exe after 0.11 seconds
Refreshing native plugins compatible for Editor in 8.70 ms, found 4 plugins.
Preloading 0 native plugins for Editor in 0.00 ms.
Unloading 4034 Unused Serialized files (Serialized files now loaded: 0)
Unloading 65 unused Assets / (62.0 KB). Loaded Objects now: 4495.
Memory consumption went from 143.8 MB to 143.8 MB.
Total: 10.045900 ms (FindLiveObjects: 0.802300 ms CreateObjectMapping: 0.554200 ms MarkObjects: 8.400200 ms  DeleteObjects: 0.286800 ms)

AssetImportParameters requested are different than current active one (requested -> active):
  custom:container-demuxer-ogg: 62fdf1f143b41e24485cea50d1cbac27 -> 
  custom:video-codec-MediaFoundation-h265: 746d11721c4dcdbdad8f713fa42b33f4 -> 
  custom:video-decoder-ogg-theora: a1e56fd34408186e4bbccfd4996cb3dc -> 
  custom:framework-win-MediaFoundation: 216162199b28c13a410421893ffa2e32 -> 
  custom:CustomObjectIndexerAttribute: 9a22284fe3817be447336de3de66b15e -> 
  custom:container-demuxer-webm: 4f35f7cbe854078d1ac9338744f61a02 -> 
  custom:container-muxer-webm: aa71ff27fc2769a1b78a27578f13a17b -> 
  custom:video-decoder-webm-vp8: 9c59270c3fd7afecdb556c50c9e8de78 -> 
  custom:SearchIndexIgnoredProperties: e643bd26f0fe6173181afceb89e7c659 -> 
  custom:AudioImporter_EditorPlatform: d09bf68614088b80899f8185d706f6e7 -> 
  custom:video-encoder-webm-vp8: eb34c28f22e8b96e1ab97ce403110664 -> 
  custom:audio-decoder-ogg-vorbis: bf7c407c2cedff20999df2af8eb42d56 -> 
  custom:audio-encoder-webm-vorbis: bf7c407c2cedff20999df2af8eb42d56 -> 
========================================================================
Received Import Request.
  Time since last request: 125063.095146 seconds.
  path: Assets/Ninja Adventure - Asset Pack/Ninja Adventure - Asset Pack/Items/Food/FortuneCookie.png
  artifactKey: Guid(f5d4daf46f90d924a9a16286fcc238ec) Importer(815301076,1909f56bfc062723c751e8b465ee728b)
Start importing Assets/Ninja Adventure - Asset Pack/Ninja Adventure - Asset Pack/Items/Food/FortuneCookie.png using Guid(f5d4daf46f90d924a9a16286fcc238ec) Importer(815301076,1909f56bfc062723c751e8b465ee728b)  -> (artifact id: 'cd70d1e6a61623180fb4410b63c512a2') in 0.232396 seconds
Number of updated asset objects reloaded before import = 0
Number of asset objects unloaded after import = 3
========================================================================
Received Import Request.
  Time since last request: 379.136212 seconds.
  path: Assets/Tiles/TilesetFloor_52.asset
  artifactKey: Guid(af9297e34c436ee4b9de2007544c5b43) Importer(815301076,1909f56bfc062723c751e8b465ee728b)
Start importing Assets/Tiles/TilesetFloor_52.asset using Guid(af9297e34c436ee4b9de2007544c5b43) Importer(815301076,1909f56bfc062723c751e8b465ee728b)  -> (artifact id: 'dc506137793dfafee0a6e673343d646e') in 0.105354 seconds
Number of updated asset objects reloaded before import = 0
Number of asset objects unloaded after import = 3
========================================================================
Received Import Request.
  Time since last request: 0.000649 seconds.
  path: Assets/Tiles/TilesetFloor_65.asset
  artifactKey: Guid(df83c56ac4e8aa34bbe231cee007d7e1) Importer(815301076,1909f56bfc062723c751e8b465ee728b)
Start importing Assets/Tiles/TilesetFloor_65.asset using Guid(df83c56ac4e8aa34bbe231cee007d7e1) Importer(815301076,1909f56bfc062723c751e8b465ee728b)  -> (artifact id: '8e07bfa2d78749aa62d4cba30026bedd') in 0.036586 seconds
Number of updated asset objects reloaded before import = 0
Number of asset objects unloaded after import = 3
========================================================================
Received Import Request.
  Time since last request: 0.000054 seconds.
  path: Assets/Tiles/TilesetFloor_116.asset
  artifactKey: Guid(3e483b7f96684ef4a947105d6fb67e22) Importer(815301076,1909f56bfc062723c751e8b465ee728b)
Start importing Assets/Tiles/TilesetFloor_116.asset using Guid(3e483b7f96684ef4a947105d6fb67e22) Importer(815301076,1909f56bfc062723c751e8b465ee728b)  -> (artifact id: 'c8a98386f44a273db0ce70887949c391') in 0.013041 seconds
Number of updated asset objects reloaded before import = 0
Number of asset objects unloaded after import = 3
========================================================================
Received Import Request.
  Time since last request: 0.000043 seconds.
  path: Assets/Tiles/TilesetFloor_87.asset
  artifactKey: Guid(89e5cbfeb27772946ada7b54738fcfa6) Importer(815301076,1909f56bfc062723c751e8b465ee728b)
Start importing Assets/Tiles/TilesetFloor_87.asset using Guid(89e5cbfeb27772946ada7b54738fcfa6) Importer(815301076,1909f56bfc062723c751e8b465ee728b)  -> (artifact id: 'd6d61e7a3a344d7c0741a5171c73629d') in 0.012159 seconds
Number of updated asset objects reloaded before import = 0
Number of asset objects unloaded after import = 3
========================================================================
Received Import Request.
  Time since last request: 0.000129 seconds.
  path: Assets/Tiles/TilesetFloor_69.asset
  artifactKey: Guid(64425b0e78ba3dc4183ef0ac52469a76) Importer(815301076,1909f56bfc062723c751e8b465ee728b)
Start importing Assets/Tiles/TilesetFloor_69.asset using Guid(64425b0e78ba3dc4183ef0ac52469a76) Importer(815301076,1909f56bfc062723c751e8b465ee728b)  -> (artifact id: '406b55b4503af82ad2cc6f5d6c0c634f') in 0.013772 seconds
Number of updated asset objects reloaded before import = 0
Number of asset objects unloaded after import = 3
========================================================================
Received Import Request.
  Time since last request: 0.000036 seconds.
  path: Assets/Tiles/TilesetFloor_83.asset
  artifactKey: Guid(08480d473fcb13944a56558d4a0e3ad8) Importer(815301076,1909f56bfc062723c751e8b465ee728b)
Start importing Assets/Tiles/TilesetFloor_83.asset using Guid(08480d473fcb13944a56558d4a0e3ad8) Importer(815301076,1909f56bfc062723c751e8b465ee728b)  -> (artifact id: '976cab7f1510d294abd1978c7d281d1d') in 0.008669 seconds
Number of updated asset objects reloaded before import = 0
Number of asset objects unloaded after import = 3
========================================================================
Received Import Request.
  Time since last request: 0.000050 seconds.
  path: Assets/Tiles/TilesetFloor_99.asset
  artifactKey: Guid(325ddb80a22bf0c47b6496823b912162) Importer(815301076,1909f56bfc062723c751e8b465ee728b)
Start importing Assets/Tiles/TilesetFloor_99.asset using Guid(325ddb80a22bf0c47b6496823b912162) Importer(815301076,1909f56bfc062723c751e8b465ee728b)  -> (artifact id: 'a3a0de2abea6c921425cb6e9daf17662') in 0.009593 seconds
Number of updated asset objects reloaded before import = 0
Number of asset objects unloaded after import = 3
========================================================================
Received Import Request.
  Time since last request: 0.000027 seconds.
  path: Assets/Tiles/TilesetFloor_106.asset
  artifactKey: Guid(aa763195b98d11f47adf5da83e12d64a) Importer(815301076,1909f56bfc062723c751e8b465ee728b)
Start importing Assets/Tiles/TilesetFloor_106.asset using Guid(aa763195b98d11f47adf5da83e12d64a) Importer(815301076,1909f56bfc062723c751e8b465ee728b)  -> (artifact id: '4db8a85616cac076d949b6ff0df4c169') in 0.014075 seconds
Number of updated asset objects reloaded before import = 0
Number of asset objects unloaded after import = 3
========================================================================
Received Import Request.
  Time since last request: 0.000031 seconds.
  path: Assets/Tiles/TilesetFloor_59.asset
  artifactKey: Guid(abd216e52508a474aacc52979d177afb) Importer(815301076,1909f56bfc062723c751e8b465ee728b)
Start importing Assets/Tiles/TilesetFloor_59.asset using Guid(abd216e52508a474aacc52979d177afb) Importer(815301076,1909f56bfc062723c751e8b465ee728b)  -> (artifact id: '91ed2e270093ffdee4dc98519633f756') in 0.024678 seconds
Number of updated asset objects reloaded before import = 0
Number of asset objects unloaded after import = 3
========================================================================
Received Import Request.
  Time since last request: 0.000057 seconds.
  path: Assets/Tiles/TilesetFloor_105.asset
  artifactKey: Guid(9fe4f2f0b17bbc64785b3891830003b9) Importer(815301076,1909f56bfc062723c751e8b465ee728b)
Start importing Assets/Tiles/TilesetFloor_105.asset using Guid(9fe4f2f0b17bbc64785b3891830003b9) Importer(815301076,1909f56bfc062723c751e8b465ee728b)  -> (artifact id: 'cf9cdb82931ab80bf08f3714b011f4be') in 0.020261 seconds
Number of updated asset objects reloaded before import = 0
Number of asset objects unloaded after import = 3
========================================================================
Received Import Request.
  Time since last request: 0.000029 seconds.
  path: Assets/Tiles/TilesetFloor_112.asset
  artifactKey: Guid(68d1a81cbcb502647ae62428480b6fbc) Importer(815301076,1909f56bfc062723c751e8b465ee728b)
Start importing Assets/Tiles/TilesetFloor_112.asset using Guid(68d1a81cbcb502647ae62428480b6fbc) Importer(815301076,1909f56bfc062723c751e8b465ee728b)  -> (artifact id: '6e9d60fc1ecf17714961d389f70001da') in 0.011580 seconds
Number of updated asset objects reloaded before import = 0
Number of asset objects unloaded after import = 3
========================================================================
Received Import Request.
  Time since last request: 0.000040 seconds.
  path: Assets/Tiles/TilesetFloor_62.asset
  artifactKey: Guid(626d193e166e110438553aedb82d9a19) Importer(815301076,1909f56bfc062723c751e8b465ee728b)
Start importing Assets/Tiles/TilesetFloor_62.asset using Guid(626d193e166e110438553aedb82d9a19) Importer(815301076,1909f56bfc062723c751e8b465ee728b)  -> (artifact id: '931ce8a265c76157390a3c33df49212f') in 0.028193 seconds
Number of updated asset objects reloaded before import = 0
Number of asset objects unloaded after import = 3
========================================================================
Received Import Request.
  Time since last request: 0.000034 seconds.
  path: Assets/Tiles/TilesetFloor_114.asset
  artifactKey: Guid(f370ad154a4ea5b49b927c2145fb3522) Importer(815301076,1909f56bfc062723c751e8b465ee728b)
Start importing Assets/Tiles/TilesetFloor_114.asset using Guid(f370ad154a4ea5b49b927c2145fb3522) Importer(815301076,1909f56bfc062723c751e8b465ee728b)  -> (artifact id: 'ae59a4cf0c0614bfd49a3a0dbe0ce09b') in 0.011663 seconds
Number of updated asset objects reloaded before import = 0
Number of asset objects unloaded after import = 3
========================================================================
Received Import Request.
  Time since last request: 0.000023 seconds.
  path: Assets/Tiles/TilesetFloor_85.asset
  artifactKey: Guid(7c30c97ace3664445a71c61c5b9b7450) Importer(815301076,1909f56bfc062723c751e8b465ee728b)
Start importing Assets/Tiles/TilesetFloor_85.asset using Guid(7c30c97ace3664445a71c61c5b9b7450) Importer(815301076,1909f56bfc062723c751e8b465ee728b)  -> (artifact id: '36618e1ef0aa4d792ba2b90e56a05426') in 0.010682 seconds
Number of updated asset objects reloaded before import = 0
Number of asset objects unloaded after import = 3
========================================================================
Received Import Request.
  Time since last request: 0.000034 seconds.
  path: Assets/Tiles/TilesetFloor_57.asset
  artifactKey: Guid(ecfb3b00d5af06547a5282fd5c85e4f2) Importer(815301076,1909f56bfc062723c751e8b465ee728b)
Start importing Assets/Tiles/TilesetFloor_57.asset using Guid(ecfb3b00d5af06547a5282fd5c85e4f2) Importer(815301076,1909f56bfc062723c751e8b465ee728b)  -> (artifact id: '616d1099bd542bac9f663dc51568b907') in 0.011576 seconds
Number of updated asset objects reloaded before import = 0
Number of asset objects unloaded after import = 3
========================================================================
Received Import Request.
  Time since last request: 0.000029 seconds.
  path: Assets/Tiles/TilesetFloor_92.asset
  artifactKey: Guid(1ce68a94cec26354f8a0ae8f9c358e2a) Importer(815301076,1909f56bfc062723c751e8b465ee728b)
Start importing Assets/Tiles/TilesetFloor_92.asset using Guid(1ce68a94cec26354f8a0ae8f9c358e2a) Importer(815301076,1909f56bfc062723c751e8b465ee728b)  -> (artifact id: 'f7bb8b626c20d35b437b9c08c581d030') in 0.011690 seconds
Number of updated asset objects reloaded before import = 0
Number of asset objects unloaded after import = 3
========================================================================
Received Import Request.
  Time since last request: 0.000026 seconds.
  path: Assets/Tiles/TilesetFloor_95.asset
  artifactKey: Guid(66c4f34864890f6479ee62181ff41731) Importer(815301076,1909f56bfc062723c751e8b465ee728b)
Start importing Assets/Tiles/TilesetFloor_95.asset using Guid(66c4f34864890f6479ee62181ff41731) Importer(815301076,1909f56bfc062723c751e8b465ee728b)  -> (artifact id: '2f4eb74df4e21ee493cea9178db78e42') in 0.015676 seconds
Number of updated asset objects reloaded before import = 0
Number of asset objects unloaded after import = 3
========================================================================
Received Import Request.
  Time since last request: 0.000044 seconds.
  path: Assets/Tiles/TilesetFloor_80.asset
  artifactKey: Guid(4b9c7975fbcccb3459a95b92c3acef6a) Importer(815301076,1909f56bfc062723c751e8b465ee728b)
Start importing Assets/Tiles/TilesetFloor_80.asset using Guid(4b9c7975fbcccb3459a95b92c3acef6a) Importer(815301076,1909f56bfc062723c751e8b465ee728b)  -> (artifact id: '40a14b1453b5e68dab73e0cbfa79b390') in 0.013463 seconds
Number of updated asset objects reloaded before import = 0
Number of asset objects unloaded after import = 3
========================================================================
Received Import Request.
  Time since last request: 0.000071 seconds.
  path: Assets/Tiles/TilesetFloor_107.asset
  artifactKey: Guid(d3fd6e9b3361b8843a227aef3e22997f) Importer(815301076,1909f56bfc062723c751e8b465ee728b)
Start importing Assets/Tiles/TilesetFloor_107.asset using Guid(d3fd6e9b3361b8843a227aef3e22997f) Importer(815301076,1909f56bfc062723c751e8b465ee728b)  -> (artifact id: 'b61cb79489d9a33af1af996609692ab1') in 0.014313 seconds
Number of updated asset objects reloaded before import = 0
Number of asset objects unloaded after import = 3
========================================================================
Received Import Request.
  Time since last request: 0.000037 seconds.
  path: Assets/Tiles/TilesetFloor_66.asset
  artifactKey: Guid(c753a28b5d229af488daa83aa651c90e) Importer(815301076,1909f56bfc062723c751e8b465ee728b)
Start importing Assets/Tiles/TilesetFloor_66.asset using Guid(c753a28b5d229af488daa83aa651c90e) Importer(815301076,1909f56bfc062723c751e8b465ee728b)  -> (artifact id: 'e2f9e36476a1a0216f8a2b8c9381d18e') in 0.014072 seconds
Number of updated asset objects reloaded before import = 0
Number of asset objects unloaded after import = 3
========================================================================
Received Import Request.
  Time since last request: 0.000029 seconds.
  path: Assets/Tiles/TilesetFloor_61.asset
  artifactKey: Guid(4d59d63f910a8c244bf70761d20baddf) Importer(815301076,1909f56bfc062723c751e8b465ee728b)
Start importing Assets/Tiles/TilesetFloor_61.asset using Guid(4d59d63f910a8c244bf70761d20baddf) Importer(815301076,1909f56bfc062723c751e8b465ee728b)  -> (artifact id: '058a0453a3f6c5d31d3e9a5b650f35e2') in 0.010976 seconds
Number of updated asset objects reloaded before import = 0
Number of asset objects unloaded after import = 3
========================================================================
Received Import Request.
  Time since last request: 0.000031 seconds.
  path: Assets/Tiles/TilesetFloor_100.asset
  artifactKey: Guid(c8ba4565f4bbabb488e267e7dd5ce563) Importer(815301076,1909f56bfc062723c751e8b465ee728b)
Start importing Assets/Tiles/TilesetFloor_100.asset using Guid(c8ba4565f4bbabb488e267e7dd5ce563) Importer(815301076,1909f56bfc062723c751e8b465ee728b)  -> (artifact id: '3d5385c7cc23e2987dd929e39fa8f1a1') in 0.013177 seconds
Number of updated asset objects reloaded before import = 0
Number of asset objects unloaded after import = 3
========================================================================
Received Import Request.
  Time since last request: 0.000033 seconds.
  path: Assets/Tiles/TilesetFloor_91.asset
  artifactKey: Guid(8adef6d232199b54a9c9fbefb28a6dee) Importer(815301076,1909f56bfc062723c751e8b465ee728b)
Start importing Assets/Tiles/TilesetFloor_91.asset using Guid(8adef6d232199b54a9c9fbefb28a6dee) Importer(815301076,1909f56bfc062723c751e8b465ee728b)  -> (artifact id: '33056c746130aaeb2bbc2e8372ba06f3') in 0.011779 seconds
Number of updated asset objects reloaded before import = 0
Number of asset objects unloaded after import = 3
========================================================================
Received Import Request.
  Time since last request: 0.000026 seconds.
  path: Assets/Tiles/TilesetFloor_103.asset
  artifactKey: Guid(7ced9c90eec0ce541939a4c3fa073ead) Importer(815301076,1909f56bfc062723c751e8b465ee728b)
Start importing Assets/Tiles/TilesetFloor_103.asset using Guid(7ced9c90eec0ce541939a4c3fa073ead) Importer(815301076,1909f56bfc062723c751e8b465ee728b)  -> (artifact id: 'b01fad7e3068327f0a80b235c934f38e') in 0.014846 seconds
Number of updated asset objects reloaded before import = 0
Number of asset objects unloaded after import = 3
========================================================================
Received Import Request.
  Time since last request: 0.000038 seconds.
  path: Assets/Tiles/TilesetFloor_71.asset
  artifactKey: Guid(abd1fcefadbb9584e864f1d4ac489045) Importer(815301076,1909f56bfc062723c751e8b465ee728b)
Start importing Assets/Tiles/TilesetFloor_71.asset using Guid(abd1fcefadbb9584e864f1d4ac489045) Importer(815301076,1909f56bfc062723c751e8b465ee728b)  -> (artifact id: '56dadf7eb0845b9301a441c11539c376') in 0.021591 seconds
Number of updated asset objects reloaded before import = 0
Number of asset objects unloaded after import = 3
========================================================================
Received Import Request.
  Time since last request: 0.000044 seconds.
  path: Assets/Tiles/TilesetFloor_76.asset
  artifactKey: Guid(928490e2b4bae6244a5b1f79dded60fa) Importer(815301076,1909f56bfc062723c751e8b465ee728b)
Start importing Assets/Tiles/TilesetFloor_76.asset using Guid(928490e2b4bae6244a5b1f79dded60fa) Importer(815301076,1909f56bfc062723c751e8b465ee728b)  -> (artifact id: '38685234fa52f48a0adc69c670cb07d2') in 0.014215 seconds
Number of updated asset objects reloaded before import = 0
Number of asset objects unloaded after import = 3
========================================================================
Received Import Request.
  Time since last request: 0.000030 seconds.
  path: Assets/Tiles/TilesetFloor_82.asset
  artifactKey: Guid(eb6967b12899f694393c3f63c211a791) Importer(815301076,1909f56bfc062723c751e8b465ee728b)
Start importing Assets/Tiles/TilesetFloor_82.asset using Guid(eb6967b12899f694393c3f63c211a791) Importer(815301076,1909f56bfc062723c751e8b465ee728b)  -> (artifact id: 'e8d14c884cfb460f188e439c32a85cd0') in 0.026274 seconds
Number of updated asset objects reloaded before import = 0
Number of asset objects unloaded after import = 3
========================================================================
Received Import Request.
  Time since last request: 0.000044 seconds.
  path: Assets/Tiles/TilesetFloor_72.asset
  artifactKey: Guid(b7b7f822ed5ffd1448c7bcd7c445c0d3) Importer(815301076,1909f56bfc062723c751e8b465ee728b)
Start importing Assets/Tiles/TilesetFloor_72.asset using Guid(b7b7f822ed5ffd1448c7bcd7c445c0d3) Importer(815301076,1909f56bfc062723c751e8b465ee728b)  -> (artifact id: 'e3ac62aa480f6886db3c0832ec182a06') in 0.029937 seconds
Number of updated asset objects reloaded before import = 0
Number of asset objects unloaded after import = 3
========================================================================
Received Import Request.
  Time since last request: 0.000030 seconds.
  path: Assets/Tiles/TilesetFloor_101.asset
  artifactKey: Guid(26529ebf38bc9854ca1f6dd6ae200721) Importer(815301076,1909f56bfc062723c751e8b465ee728b)
Start importing Assets/Tiles/TilesetFloor_101.asset using Guid(26529ebf38bc9854ca1f6dd6ae200721) Importer(815301076,1909f56bfc062723c751e8b465ee728b)  -> (artifact id: '38c5d55387f28d1e368beeb73e2db1b7') in 0.046598 seconds
Number of updated asset objects reloaded before import = 0
Number of asset objects unloaded after import = 3
========================================================================
Received Import Request.
  Time since last request: 0.000044 seconds.
  path: Assets/Tiles/TilesetFloor_109.asset
  artifactKey: Guid(cbc3cc5f0f5ad054dac028b550486bf1) Importer(815301076,1909f56bfc062723c751e8b465ee728b)
Start importing Assets/Tiles/TilesetFloor_109.asset using Guid(cbc3cc5f0f5ad054dac028b550486bf1) Importer(815301076,1909f56bfc062723c751e8b465ee728b)  -> (artifact id: '83ffa87b1b97d088ff87a27104ea7d13') in 0.016056 seconds
Number of updated asset objects reloaded before import = 0
Number of asset objects unloaded after import = 3
========================================================================
Received Import Request.
  Time since last request: 0.000048 seconds.
  path: Assets/Tiles/TilesetFloor_74.asset
  artifactKey: Guid(76100d8b99973a545bf85be1be10a523) Importer(815301076,1909f56bfc062723c751e8b465ee728b)
Start importing Assets/Tiles/TilesetFloor_74.asset using Guid(76100d8b99973a545bf85be1be10a523) Importer(815301076,1909f56bfc062723c751e8b465ee728b)  -> (artifact id: 'a4227601c51ae30bb28a0a6668b3a6fb') in 0.013711 seconds
Number of updated asset objects reloaded before import = 0
Number of asset objects unloaded after import = 3
========================================================================
Received Import Request.
  Time since last request: 0.938855 seconds.
  path: Assets/Tiles/TilesetFloor_118.asset
  artifactKey: Guid(93d34759b969f54408ccb65954381045) Importer(815301076,1909f56bfc062723c751e8b465ee728b)
Start importing Assets/Tiles/TilesetFloor_118.asset using Guid(93d34759b969f54408ccb65954381045) Importer(815301076,1909f56bfc062723c751e8b465ee728b)  -> (artifact id: 'b53ab2ababaca5465e0a1875ff00cbbd') in 0.012207 seconds
Number of updated asset objects reloaded before import = 0
Number of asset objects unloaded after import = 3
========================================================================
Received Import Request.
  Time since last request: 0.000041 seconds.
  path: Assets/Tiles/TilesetFloor_124.asset
  artifactKey: Guid(a9710f321e749bf4e9b350d3c4ded981) Importer(815301076,1909f56bfc062723c751e8b465ee728b)
Start importing Assets/Tiles/TilesetFloor_124.asset using Guid(a9710f321e749bf4e9b350d3c4ded981) Importer(815301076,1909f56bfc062723c751e8b465ee728b)  -> (artifact id: 'e4bffefd49c75b73aae4a522beec9df4') in 0.018243 seconds
Number of updated asset objects reloaded before import = 0
Number of asset objects unloaded after import = 3
========================================================================
Received Import Request.
  Time since last request: 0.000033 seconds.
  path: Assets/Tiles/TilesetFloor_120.asset
  artifactKey: Guid(262f34653e806244690a42d71f415c18) Importer(815301076,1909f56bfc062723c751e8b465ee728b)
Start importing Assets/Tiles/TilesetFloor_120.asset using Guid(262f34653e806244690a42d71f415c18) Importer(815301076,1909f56bfc062723c751e8b465ee728b)  -> (artifact id: 'd6fca32edd4ccea6bb1f5def31c91507') in 0.020382 seconds
Number of updated asset objects reloaded before import = 0
Number of asset objects unloaded after import = 3
========================================================================
Received Import Request.
  Time since last request: 0.000411 seconds.
  path: Assets/Tiles/TilesetFloor_119.asset
  artifactKey: Guid(89fe0d38798d16448ac4567d3a1a3afc) Importer(815301076,1909f56bfc062723c751e8b465ee728b)
Start importing Assets/Tiles/TilesetFloor_119.asset using Guid(89fe0d38798d16448ac4567d3a1a3afc) Importer(815301076,1909f56bfc062723c751e8b465ee728b)  -> (artifact id: 'd008f2445d49d4b83d0e5eafa9d30b0b') in 0.033078 seconds
Number of updated asset objects reloaded before import = 0
Number of asset objects unloaded after import = 3
========================================================================
Received Import Request.
  Time since last request: 0.001752 seconds.
  path: Assets/Tiles/TilesetFloor_130.asset
  artifactKey: Guid(81d9d38d3750bbc47aa5c2692052c81f) Importer(815301076,1909f56bfc062723c751e8b465ee728b)
Start importing Assets/Tiles/TilesetFloor_130.asset using Guid(81d9d38d3750bbc47aa5c2692052c81f) Importer(815301076,1909f56bfc062723c751e8b465ee728b)  -> (artifact id: '2c4b29a06a9c1623edb69769078d7d15') in 0.019620 seconds
Number of updated asset objects reloaded before import = 0
Number of asset objects unloaded after import = 3
========================================================================
Received Import Request.
  Time since last request: 0.000034 seconds.
  path: Assets/Tiles/TilesetFloor_138.asset
  artifactKey: Guid(3d65f16f596562345a2a1609817686f5) Importer(815301076,1909f56bfc062723c751e8b465ee728b)
Start importing Assets/Tiles/TilesetFloor_138.asset using Guid(3d65f16f596562345a2a1609817686f5) Importer(815301076,1909f56bfc062723c751e8b465ee728b)  -> (artifact id: '1ec3f559636dd8d6911df9e0f8088b81') in 0.022510 seconds
Number of updated asset objects reloaded before import = 0
Number of asset objects unloaded after import = 3
========================================================================
Received Import Request.
  Time since last request: 0.000030 seconds.
  path: Assets/Tiles/TilesetFloor_137.asset
  artifactKey: Guid(b016f54664e0a78459c2ff578055ace3) Importer(815301076,1909f56bfc062723c751e8b465ee728b)
Start importing Assets/Tiles/TilesetFloor_137.asset using Guid(b016f54664e0a78459c2ff578055ace3) Importer(815301076,1909f56bfc062723c751e8b465ee728b)  -> (artifact id: 'df01286e16101569b4afd3b20ca76874') in 0.029916 seconds
Number of updated asset objects reloaded before import = 0
Number of asset objects unloaded after import = 3
========================================================================
Received Import Request.
  Time since last request: 0.000043 seconds.
  path: Assets/Tiles/TilesetFloor_125.asset
  artifactKey: Guid(caf1ab4a050d94046be48c19fba073ce) Importer(815301076,1909f56bfc062723c751e8b465ee728b)
Start importing Assets/Tiles/TilesetFloor_125.asset using Guid(caf1ab4a050d94046be48c19fba073ce) Importer(815301076,1909f56bfc062723c751e8b465ee728b)  -> (artifact id: '6d4d27d9fb93494429d8680dd318c57e') in 0.018219 seconds
Number of updated asset objects reloaded before import = 0
Number of asset objects unloaded after import = 3
========================================================================
Received Import Request.
  Time since last request: 0.000031 seconds.
  path: Assets/Tiles/TilesetFloor_133.asset
  artifactKey: Guid(b8ee311013bff034ab5e06b0c0304591) Importer(815301076,1909f56bfc062723c751e8b465ee728b)
Start importing Assets/Tiles/TilesetFloor_133.asset using Guid(b8ee311013bff034ab5e06b0c0304591) Importer(815301076,1909f56bfc062723c751e8b465ee728b)  -> (artifact id: '256d5def96846a90bfe022edec9e6f64') in 0.019317 seconds
Number of updated asset objects reloaded before import = 0
Number of asset objects unloaded after import = 3
========================================================================
Received Import Request.
  Time since last request: 0.000041 seconds.
  path: Assets/Tiles/TilesetFloor_141.asset
  artifactKey: Guid(340dd238f7cbae14d816cba17d94f5d1) Importer(815301076,1909f56bfc062723c751e8b465ee728b)
Start importing Assets/Tiles/TilesetFloor_141.asset using Guid(340dd238f7cbae14d816cba17d94f5d1) Importer(815301076,1909f56bfc062723c751e8b465ee728b)  -> (artifact id: '73622e764f7a387d25a90bd631db346a') in 0.016146 seconds
Number of updated asset objects reloaded before import = 0
Number of asset objects unloaded after import = 3
========================================================================
Received Import Request.
  Time since last request: 0.000041 seconds.
  path: Assets/Tiles/TilesetFloor_139.asset
  artifactKey: Guid(c1641e76cb3996f4ca25531c81515a66) Importer(815301076,1909f56bfc062723c751e8b465ee728b)
Start importing Assets/Tiles/TilesetFloor_139.asset using Guid(c1641e76cb3996f4ca25531c81515a66) Importer(815301076,1909f56bfc062723c751e8b465ee728b)  -> (artifact id: '5f44fad66771fed266220eed111f2b61') in 0.024130 seconds
Number of updated asset objects reloaded before import = 0
Number of asset objects unloaded after import = 3
========================================================================
Received Import Request.
  Time since last request: 0.000058 seconds.
  path: Assets/Tiles/TilesetFloor_135.asset
  artifactKey: Guid(5bec5b0f2bdbe7a468a279b1054814f4) Importer(815301076,1909f56bfc062723c751e8b465ee728b)
Start importing Assets/Tiles/TilesetFloor_135.asset using Guid(5bec5b0f2bdbe7a468a279b1054814f4) Importer(815301076,1909f56bfc062723c751e8b465ee728b)  -> (artifact id: 'e767c155475c54bc47bb8df4d27e45a5') in 0.018431 seconds
Number of updated asset objects reloaded before import = 0
Number of asset objects unloaded after import = 3
========================================================================
Received Import Request.
  Time since last request: 0.000035 seconds.
  path: Assets/Tiles/TilesetFloor_142.asset
  artifactKey: Guid(0ca9b35c96ebb9742917f9d953075424) Importer(815301076,1909f56bfc062723c751e8b465ee728b)
Start importing Assets/Tiles/TilesetFloor_142.asset using Guid(0ca9b35c96ebb9742917f9d953075424) Importer(815301076,1909f56bfc062723c751e8b465ee728b)  -> (artifact id: 'db295bcb3145cae7ef7fb5c73b26355b') in 0.010730 seconds
Number of updated asset objects reloaded before import = 0
Number of asset objects unloaded after import = 3
========================================================================
Received Import Request.
  Time since last request: 0.000045 seconds.
  path: Assets/Tiles/TilesetFloor_136.asset
  artifactKey: Guid(ecbe8debb5475cc4db446921d310733c) Importer(815301076,1909f56bfc062723c751e8b465ee728b)
Start importing Assets/Tiles/TilesetFloor_136.asset using Guid(ecbe8debb5475cc4db446921d310733c) Importer(815301076,1909f56bfc062723c751e8b465ee728b)  -> (artifact id: '18f8c6724a7fcc0bc41f2aea59c3c7bf') in 0.009408 seconds
Number of updated asset objects reloaded before import = 0
Number of asset objects unloaded after import = 3
========================================================================
Received Import Request.
  Time since last request: 0.119455 seconds.
  path: Assets/Tiles/TilesetFloor_144.asset
  artifactKey: Guid(64809f66c4e4c3342b199ce347ff8001) Importer(815301076,1909f56bfc062723c751e8b465ee728b)
Start importing Assets/Tiles/TilesetFloor_144.asset using Guid(64809f66c4e4c3342b199ce347ff8001) Importer(815301076,1909f56bfc062723c751e8b465ee728b)  -> (artifact id: 'cf1091f034f4c8b6ce8c7a92afde72e4') in 0.014141 seconds
Number of updated asset objects reloaded before import = 0
Number of asset objects unloaded after import = 3
========================================================================
Received Import Request.
  Time since last request: 0.000039 seconds.
  path: Assets/Tiles/TilesetFloor_148.asset
  artifactKey: Guid(655785737523e224789c135f5ce809b6) Importer(815301076,1909f56bfc062723c751e8b465ee728b)
Start importing Assets/Tiles/TilesetFloor_148.asset using Guid(655785737523e224789c135f5ce809b6) Importer(815301076,1909f56bfc062723c751e8b465ee728b)  -> (artifact id: '5d75e3ae4cb33b30b1c06038fc7aad45') in 0.012763 seconds
Number of updated asset objects reloaded before import = 0
Number of asset objects unloaded after import = 3
========================================================================
Received Import Request.
  Time since last request: 0.000035 seconds.
  path: Assets/Tiles/TilesetFloor_151.asset
  artifactKey: Guid(748b583e4f02a6147a14af7eed51207f) Importer(815301076,1909f56bfc062723c751e8b465ee728b)
Start importing Assets/Tiles/TilesetFloor_151.asset using Guid(748b583e4f02a6147a14af7eed51207f) Importer(815301076,1909f56bfc062723c751e8b465ee728b)  -> (artifact id: 'c37a8888e5db5e80d9aa5a4091903137') in 0.012638 seconds
Number of updated asset objects reloaded before import = 0
Number of asset objects unloaded after import = 3
========================================================================
Received Import Request.
  Time since last request: 0.000063 seconds.
  path: Assets/Tiles/TilesetFloor_146.asset
  artifactKey: Guid(98253747c851d7349b163db1eef3de49) Importer(815301076,1909f56bfc062723c751e8b465ee728b)
Start importing Assets/Tiles/TilesetFloor_146.asset using Guid(98253747c851d7349b163db1eef3de49) Importer(815301076,1909f56bfc062723c751e8b465ee728b)  -> (artifact id: '2aadae71c9eb12e6f584795097bd6139') in 0.015842 seconds
Number of updated asset objects reloaded before import = 0
Number of asset objects unloaded after import = 3
========================================================================
Received Import Request.
  Time since last request: 0.000040 seconds.
  path: Assets/Tiles/TilesetFloor_152.asset
  artifactKey: Guid(35f95a5eb84e33b48b018e02bde8a7f7) Importer(815301076,1909f56bfc062723c751e8b465ee728b)
Start importing Assets/Tiles/TilesetFloor_152.asset using Guid(35f95a5eb84e33b48b018e02bde8a7f7) Importer(815301076,1909f56bfc062723c751e8b465ee728b)  -> (artifact id: 'a264f661fc83407482a85665065c99c1') in 0.014879 seconds
Number of updated asset objects reloaded before import = 0
Number of asset objects unloaded after import = 3
========================================================================
Received Import Request.
  Time since last request: 0.000041 seconds.
  path: Assets/Tiles/TilesetFloor_145.asset
  artifactKey: Guid(91d17368dcc98d64b81526d455729ba2) Importer(815301076,1909f56bfc062723c751e8b465ee728b)
Start importing Assets/Tiles/TilesetFloor_145.asset using Guid(91d17368dcc98d64b81526d455729ba2) Importer(815301076,1909f56bfc062723c751e8b465ee728b)  -> (artifact id: 'a88a644c1bff489c2675f0071eff2d01') in 0.015332 seconds
Number of updated asset objects reloaded before import = 0
Number of asset objects unloaded after import = 3
========================================================================
Received Import Request.
  Time since last request: 21.649666 seconds.
  path: Assets/Tiles/TilesetFloor_40.asset
  artifactKey: Guid(6ca8c96302c7a144c914fd0b6fa0c1bd) Importer(815301076,1909f56bfc062723c751e8b465ee728b)
Start importing Assets/Tiles/TilesetFloor_40.asset using Guid(6ca8c96302c7a144c914fd0b6fa0c1bd) Importer(815301076,1909f56bfc062723c751e8b465ee728b)  -> (artifact id: '9b8aac4a8ff2799ed13d92eb545a7628') in 0.013686 seconds
Number of updated asset objects reloaded before import = 0
Number of asset objects unloaded after import = 3
========================================================================
Received Import Request.
  Time since last request: 0.000032 seconds.
  path: Assets/Tiles/TilesetFloor_46.asset
  artifactKey: Guid(1e664295a96de3841a5dae68259d1305) Importer(815301076,1909f56bfc062723c751e8b465ee728b)
Start importing Assets/Tiles/TilesetFloor_46.asset using Guid(1e664295a96de3841a5dae68259d1305) Importer(815301076,1909f56bfc062723c751e8b465ee728b)  -> (artifact id: '9250dbf40cac3cac58b7097c53ae1fb6') in 0.010554 seconds
Number of updated asset objects reloaded before import = 0
Number of asset objects unloaded after import = 3
========================================================================
Received Import Request.
  Time since last request: 0.000043 seconds.
  path: Assets/Tiles/TilesetFloor_50.asset
  artifactKey: Guid(3691682c054222c4a9ff59cfbef2769e) Importer(815301076,1909f56bfc062723c751e8b465ee728b)
Start importing Assets/Tiles/TilesetFloor_50.asset using Guid(3691682c054222c4a9ff59cfbef2769e) Importer(815301076,1909f56bfc062723c751e8b465ee728b)  -> (artifact id: 'b589267e28f906971f65d0856e505260') in 0.012226 seconds
Number of updated asset objects reloaded before import = 0
Number of asset objects unloaded after import = 3
========================================================================
Received Import Request.
  Time since last request: 0.000039 seconds.
  path: Assets/Tiles/TilesetFloor_49.asset
  artifactKey: Guid(54b7cbfe53d5e724e8a2766ba80e1fd1) Importer(815301076,1909f56bfc062723c751e8b465ee728b)
Start importing Assets/Tiles/TilesetFloor_49.asset using Guid(54b7cbfe53d5e724e8a2766ba80e1fd1) Importer(815301076,1909f56bfc062723c751e8b465ee728b)  -> (artifact id: '381689946287b0a5571edc1c0d3ab42d') in 0.009671 seconds
Number of updated asset objects reloaded before import = 0
Number of asset objects unloaded after import = 3
========================================================================
Received Import Request.
  Time since last request: 0.000029 seconds.
  path: Assets/Tiles/TilesetFloor_34.asset
  artifactKey: Guid(6d17773f90be47c48b50cbdbe2f72786) Importer(815301076,1909f56bfc062723c751e8b465ee728b)
Start importing Assets/Tiles/TilesetFloor_34.asset using Guid(6d17773f90be47c48b50cbdbe2f72786) Importer(815301076,1909f56bfc062723c751e8b465ee728b)  -> (artifact id: 'f6e212aee719b45da55353f8a16342c5') in 0.011145 seconds
Number of updated asset objects reloaded before import = 0
Number of asset objects unloaded after import = 3
========================================================================
Received Import Request.
  Time since last request: 0.000031 seconds.
  path: Assets/Tiles/TilesetFloor_37.asset
  artifactKey: Guid(ea1b13872199f3a4ca8879ec0a75b6dd) Importer(815301076,1909f56bfc062723c751e8b465ee728b)
Start importing Assets/Tiles/TilesetFloor_37.asset using Guid(ea1b13872199f3a4ca8879ec0a75b6dd) Importer(815301076,1909f56bfc062723c751e8b465ee728b)  -> (artifact id: '4cd771a95ad7aea6022949d1cc519521') in 0.013793 seconds
Number of updated asset objects reloaded before import = 0
Number of asset objects unloaded after import = 3
========================================================================
Received Import Request.
  Time since last request: 0.000036 seconds.
  path: Assets/Tiles/TilesetFloor_31.asset
  artifactKey: Guid(2279a09eb6f3a254893d1669b2705d74) Importer(815301076,1909f56bfc062723c751e8b465ee728b)
Start importing Assets/Tiles/TilesetFloor_31.asset using Guid(2279a09eb6f3a254893d1669b2705d74) Importer(815301076,1909f56bfc062723c751e8b465ee728b)  -> (artifact id: 'adb985a6c0afbdb8132d9a0d8f440058') in 0.010388 seconds
Number of updated asset objects reloaded before import = 0
Number of asset objects unloaded after import = 3
========================================================================
Received Import Request.
  Time since last request: 0.000030 seconds.
  path: Assets/Tiles/TilesetFloor_17.asset
  artifactKey: Guid(e1bb51cab3ff45442bbd46abaf3250d1) Importer(815301076,1909f56bfc062723c751e8b465ee728b)
Start importing Assets/Tiles/TilesetFloor_17.asset using Guid(e1bb51cab3ff45442bbd46abaf3250d1) Importer(815301076,1909f56bfc062723c751e8b465ee728b)  -> (artifact id: 'c23662a4b482f49eb9d173165bc144bd') in 0.010184 seconds
Number of updated asset objects reloaded before import = 0
Number of asset objects unloaded after import = 3
========================================================================
Received Import Request.
  Time since last request: 0.000027 seconds.
  path: Assets/Tiles/TilesetFloor_16.asset
  artifactKey: Guid(51211cfcef9f0e54f9ed2e0a79ecdc54) Importer(815301076,1909f56bfc062723c751e8b465ee728b)
Start importing Assets/Tiles/TilesetFloor_16.asset using Guid(51211cfcef9f0e54f9ed2e0a79ecdc54) Importer(815301076,1909f56bfc062723c751e8b465ee728b)  -> (artifact id: '1f268b81f212ce048bac29cfd30b8904') in 0.011753 seconds
Number of updated asset objects reloaded before import = 0
Number of asset objects unloaded after import = 3
========================================================================
Received Import Request.
  Time since last request: 0.000038 seconds.
  path: Assets/Tiles/TilesetFloor_23.asset
  artifactKey: Guid(5d66ec47c27a20348a8130aa3610ab8b) Importer(815301076,1909f56bfc062723c751e8b465ee728b)
Start importing Assets/Tiles/TilesetFloor_23.asset using Guid(5d66ec47c27a20348a8130aa3610ab8b) Importer(815301076,1909f56bfc062723c751e8b465ee728b)  -> (artifact id: 'e7f4686a0b79b1623c9ae9e3515dc94e') in 0.015326 seconds
Number of updated asset objects reloaded before import = 0
Number of asset objects unloaded after import = 3
========================================================================
Received Import Request.
  Time since last request: 0.000037 seconds.
  path: Assets/Tiles/TilesetFloor_15.asset
  artifactKey: Guid(9edb2ae079aba9f4f88d0f26d0aa3ec5) Importer(815301076,1909f56bfc062723c751e8b465ee728b)
Start importing Assets/Tiles/TilesetFloor_15.asset using Guid(9edb2ae079aba9f4f88d0f26d0aa3ec5) Importer(815301076,1909f56bfc062723c751e8b465ee728b)  -> (artifact id: '4c89ee0a5ba67d0c4e9e1ea8845c43ef') in 0.014534 seconds
Number of updated asset objects reloaded before import = 0
Number of asset objects unloaded after import = 3
========================================================================
Received Import Request.
  Time since last request: 0.000045 seconds.
  path: Assets/Tiles/TilesetFloor_43.asset
  artifactKey: Guid(5a2243de274df1b4e8b5e3e2916e2ace) Importer(815301076,1909f56bfc062723c751e8b465ee728b)
Start importing Assets/Tiles/TilesetFloor_43.asset using Guid(5a2243de274df1b4e8b5e3e2916e2ace) Importer(815301076,1909f56bfc062723c751e8b465ee728b)  -> (artifact id: '8811ffcb401ae42d2d170608cd89dcc0') in 0.020688 seconds
Number of updated asset objects reloaded before import = 0
Number of asset objects unloaded after import = 3
========================================================================
Received Import Request.
  Time since last request: 0.000057 seconds.
  path: Assets/Tiles/TilesetFloor_36.asset
  artifactKey: Guid(1a6ff05c450c2454b8c65f21ec96d2af) Importer(815301076,1909f56bfc062723c751e8b465ee728b)
Start importing Assets/Tiles/TilesetFloor_36.asset using Guid(1a6ff05c450c2454b8c65f21ec96d2af) Importer(815301076,1909f56bfc062723c751e8b465ee728b)  -> (artifact id: 'ac6012c83296a3c03e65d3d2d9b3a679') in 0.025330 seconds
Number of updated asset objects reloaded before import = 0
Number of asset objects unloaded after import = 3
========================================================================
Received Import Request.
  Time since last request: 0.000031 seconds.
  path: Assets/Tiles/TilesetFloor_35.asset
  artifactKey: Guid(09cb3400cb88b8945914c55f8fa47755) Importer(815301076,1909f56bfc062723c751e8b465ee728b)
Start importing Assets/Tiles/TilesetFloor_35.asset using Guid(09cb3400cb88b8945914c55f8fa47755) Importer(815301076,1909f56bfc062723c751e8b465ee728b)  -> (artifact id: '8c0a3d12ceecfccba65bd8468e432ee3') in 0.015624 seconds
Number of updated asset objects reloaded before import = 0
Number of asset objects unloaded after import = 3
========================================================================
Received Import Request.
  Time since last request: 0.000728 seconds.
  path: Assets/Tiles/TilesetFloor_22.asset
  artifactKey: Guid(45b72454715d75041803772c95a410a7) Importer(815301076,1909f56bfc062723c751e8b465ee728b)
Start importing Assets/Tiles/TilesetFloor_22.asset using Guid(45b72454715d75041803772c95a410a7) Importer(815301076,1909f56bfc062723c751e8b465ee728b)  -> (artifact id: '8a7c5525b8cc0f24cddda6ded0c7a8fd') in 0.012443 seconds
Number of updated asset objects reloaded before import = 0
Number of asset objects unloaded after import = 3
Editor requested this worker to shutdown with reason: Scaling down because of idle timeout
TcpMessagingSession - receive error: operation aborted. errorcode: 995, details: The I/O operation has been aborted because of either a thread exit or an application request.
AssetImportWorker is now disconnected from the server
Process exiting
Exiting without the bug reporter. Application will terminate with return code 0