Using pre-set license
Built from '2022.3/staging' branch; Version is '2022.3.27f1 (73effa14754f) revision 7598074'; Using compiler version '192829333'; Build Type 'Release'
OS: 'Windows 11  (10.0.22621) 64bit CoreSingleLanguage' Language: 'en' Physical Memory: 7914 MB
BatchMode: 1, IsHumanControllingUs: 0, StartBugReporterOnCrash: 0, Is64bit: 1, IsPro: 1

COMMAND LINE ARGUMENTS:
D:\Program Files\Unity\Hub\Editor\2022.3.27f1\Editor\Unity.exe
-adb2
-batchMode
-noUpm
-name
AssetImportWorker6
-projectPath
D:/Users/Document/Code-Project-File/Projects/UnityGame/Arcane_Realms
-logFile
Logs/AssetImportWorker6.log
-srvPort
50417
Successfully changed project path to: D:/Users/Document/Code-Project-File/Projects/UnityGame/Arcane_Realms
D:/Users/Document/Code-Project-File/Projects/UnityGame/Arcane_Realms
[UnityMemory] Configuration Parameters - Can be set up in boot.config
    "memorysetup-bucket-allocator-granularity=16"
    "memorysetup-bucket-allocator-bucket-count=8"
    "memorysetup-bucket-allocator-block-size=33554432"
    "memorysetup-bucket-allocator-block-count=8"
    "memorysetup-main-allocator-block-size=16777216"
    "memorysetup-thread-allocator-block-size=16777216"
    "memorysetup-gfx-main-allocator-block-size=16777216"
    "memorysetup-gfx-thread-allocator-block-size=16777216"
    "memorysetup-cache-allocator-block-size=4194304"
    "memorysetup-typetree-allocator-block-size=2097152"
    "memorysetup-profiler-bucket-allocator-granularity=16"
    "memorysetup-profiler-bucket-allocator-bucket-count=8"
    "memorysetup-profiler-bucket-allocator-block-size=33554432"
    "memorysetup-profiler-bucket-allocator-block-count=8"
    "memorysetup-profiler-allocator-block-size=16777216"
    "memorysetup-profiler-editor-allocator-block-size=1048576"
    "memorysetup-temp-allocator-size-main=16777216"
    "memorysetup-job-temp-allocator-block-size=2097152"
    "memorysetup-job-temp-allocator-block-size-background=1048576"
    "memorysetup-job-temp-allocator-reduction-small-platforms=262144"
    "memorysetup-allocator-temp-initial-block-size-main=262144"
    "memorysetup-allocator-temp-initial-block-size-worker=262144"
    "memorysetup-temp-allocator-size-background-worker=32768"
    "memorysetup-temp-allocator-size-job-worker=262144"
    "memorysetup-temp-allocator-size-preload-manager=33554432"
    "memorysetup-temp-allocator-size-nav-mesh-worker=65536"
    "memorysetup-temp-allocator-size-audio-worker=65536"
    "memorysetup-temp-allocator-size-cloud-worker=32768"
    "memorysetup-temp-allocator-size-gi-baking-worker=262144"
    "memorysetup-temp-allocator-size-gfx=262144"
Player connection [292] Host "[IP] 192.168.1.12 [Port] 0 [Flags] 2 [Guid] 2816662251 [EditorId] 2816662251 [Version] 1048832 [Id] WindowsEditor(7,DESKTOP-PD8BQA1) [Debug] 1 [PackageName] WindowsEditor [ProjectName] Editor" joined multi-casting on [225.0.0.222:54997]...

Player connection [292] Host "[IP] 192.168.1.12 [Port] 0 [Flags] 2 [Guid] 2816662251 [EditorId] 2816662251 [Version] 1048832 [Id] WindowsEditor(7,DESKTOP-PD8BQA1) [Debug] 1 [PackageName] WindowsEditor [ProjectName] Editor" joined alternative multi-casting on [225.0.0.222:34997]...

[Physics::Module] Initialized MultithreadedJobDispatcher with 7 workers.
Refreshing native plugins compatible for Editor in 71.42 ms, found 4 plugins.
Preloading 0 native plugins for Editor in 0.00 ms.
Initialize engine version: 2022.3.27f1 (73effa14754f)
[Subsystems] Discovering subsystems at path D:/Program Files/Unity/Hub/Editor/2022.3.27f1/Editor/Data/Resources/UnitySubsystems
[Subsystems] Discovering subsystems at path D:/Users/Document/Code-Project-File/Projects/UnityGame/Arcane_Realms/Assets
GfxDevice: creating device client; threaded=0; jobified=0
Direct3D:
    Version:  Direct3D 11.0 [level 11.1]
    Renderer: NVIDIA GeForce MX330 (ID=0x1d16)
    Vendor:   NVIDIA
    VRAM:     1982 MB
    Driver:   31.0.15.4659
Initialize mono
Mono path[0] = 'D:/Program Files/Unity/Hub/Editor/2022.3.27f1/Editor/Data/Managed'
Mono path[1] = 'D:/Program Files/Unity/Hub/Editor/2022.3.27f1/Editor/Data/MonoBleedingEdge/lib/mono/unityjit-win32'
Mono config path = 'D:/Program Files/Unity/Hub/Editor/2022.3.27f1/Editor/Data/MonoBleedingEdge/etc'
Using monoOptions --debugger-agent=transport=dt_socket,embedding=1,server=y,suspend=n,address=127.0.0.1:56028
Begin MonoManager ReloadAssembly
Registering precompiled unity dll's ...
Register platform support module: D:/Program Files/Unity/Hub/Editor/2022.3.27f1/Editor/Data/PlaybackEngines/WindowsStandaloneSupport/UnityEditor.WindowsStandalone.Extensions.dll
Registered in 0.008605 seconds.
- Loaded All Assemblies, in  0.900 seconds
Native extension for WindowsStandalone target not found
Mono: successfully reloaded assembly
- Finished resetting the current domain, in  0.581 seconds
Domain Reload Profiling: 1480ms
	BeginReloadAssembly (296ms)
		ExecutionOrderSort (0ms)
		DisableScriptedObjects (0ms)
		BackupInstance (0ms)
		ReleaseScriptingObjects (0ms)
		CreateAndSetChildDomain (1ms)
	RebuildCommonClasses (71ms)
	RebuildNativeTypeToScriptingClass (21ms)
	initialDomainReloadingComplete (114ms)
	LoadAllAssembliesAndSetupDomain (396ms)
		LoadAssemblies (295ms)
		RebuildTransferFunctionScriptingTraits (0ms)
		AnalyzeDomain (392ms)
			TypeCache.Refresh (388ms)
				TypeCache.ScanAssembly (363ms)
			ScanForSourceGeneratedMonoScriptInfo (1ms)
			ResolveRequiredComponents (2ms)
	FinalizeReload (581ms)
		ReleaseScriptCaches (0ms)
		RebuildScriptCaches (0ms)
		SetupLoadedEditorAssemblies (441ms)
			LogAssemblyErrors (0ms)
			InitializePlatformSupportModulesInManaged (17ms)
			SetLoadedEditorAssemblies (16ms)
			RefreshPlugins (0ms)
			BeforeProcessingInitializeOnLoad (3ms)
			ProcessInitializeOnLoadAttributes (311ms)
			ProcessInitializeOnLoadMethodAttributes (95ms)
			AfterProcessingInitializeOnLoad (0ms)
			EditorAssembliesLoaded (0ms)
		ExecutionOrderSort2 (0ms)
		AwakeInstancesAfterBackupRestoration (0ms)
========================================================================
Worker process is ready to serve import requests
Begin MonoManager ReloadAssembly
- Loaded All Assemblies, in  0.924 seconds
Refreshing native plugins compatible for Editor in 3.76 ms, found 4 plugins.
Native extension for WindowsStandalone target not found
Package Manager log level set to [2]
[Package Manager] Server::EnsureServerProcessIsRunning -- launch failed, reason: Unity was launched with the -noUpm command-line argument
[Package Manager] UpmClient::Send -- Unable to send message (not connected to UPM process).
[Package Manager] Cannot connect to Unity Package Manager local server
Mono: successfully reloaded assembly
- Finished resetting the current domain, in  0.849 seconds
Domain Reload Profiling: 1774ms
	BeginReloadAssembly (220ms)
		ExecutionOrderSort (0ms)
		DisableScriptedObjects (7ms)
		BackupInstance (0ms)
		ReleaseScriptingObjects (0ms)
		CreateAndSetChildDomain (30ms)
	RebuildCommonClasses (45ms)
	RebuildNativeTypeToScriptingClass (14ms)
	initialDomainReloadingComplete (48ms)
	LoadAllAssembliesAndSetupDomain (598ms)
		LoadAssemblies (506ms)
		RebuildTransferFunctionScriptingTraits (0ms)
		AnalyzeDomain (220ms)
			TypeCache.Refresh (186ms)
				TypeCache.ScanAssembly (165ms)
			ScanForSourceGeneratedMonoScriptInfo (27ms)
			ResolveRequiredComponents (5ms)
	FinalizeReload (849ms)
		ReleaseScriptCaches (0ms)
		RebuildScriptCaches (0ms)
		SetupLoadedEditorAssemblies (614ms)
			LogAssemblyErrors (0ms)
			InitializePlatformSupportModulesInManaged (6ms)
			SetLoadedEditorAssemblies (5ms)
			RefreshPlugins (0ms)
			BeforeProcessingInitializeOnLoad (91ms)
			ProcessInitializeOnLoadAttributes (455ms)
			ProcessInitializeOnLoadMethodAttributes (55ms)
			AfterProcessingInitializeOnLoad (3ms)
			EditorAssembliesLoaded (0ms)
		ExecutionOrderSort2 (0ms)
		AwakeInstancesAfterBackupRestoration (10ms)
Launched and connected shader compiler UnityShaderCompiler.exe after 0.10 seconds
Refreshing native plugins compatible for Editor in 4.13 ms, found 4 plugins.
Preloading 0 native plugins for Editor in 0.00 ms.
Unloading 4034 Unused Serialized files (Serialized files now loaded: 0)
Unloading 65 unused Assets / (61.6 KB). Loaded Objects now: 4495.
Memory consumption went from 143.7 MB to 143.7 MB.
Total: 5.106000 ms (FindLiveObjects: 0.407400 ms CreateObjectMapping: 0.156100 ms MarkObjects: 4.331600 ms  DeleteObjects: 0.209200 ms)

AssetImportParameters requested are different than current active one (requested -> active):
  custom:container-demuxer-ogg: 62fdf1f143b41e24485cea50d1cbac27 -> 
  custom:video-codec-MediaFoundation-h265: 746d11721c4dcdbdad8f713fa42b33f4 -> 
  custom:video-decoder-ogg-theora: a1e56fd34408186e4bbccfd4996cb3dc -> 
  custom:framework-win-MediaFoundation: 216162199b28c13a410421893ffa2e32 -> 
  custom:CustomObjectIndexerAttribute: 9a22284fe3817be447336de3de66b15e -> 
  custom:container-demuxer-webm: 4f35f7cbe854078d1ac9338744f61a02 -> 
  custom:container-muxer-webm: aa71ff27fc2769a1b78a27578f13a17b -> 
  custom:video-decoder-webm-vp8: 9c59270c3fd7afecdb556c50c9e8de78 -> 
  custom:SearchIndexIgnoredProperties: e643bd26f0fe6173181afceb89e7c659 -> 
  custom:AudioImporter_EditorPlatform: d09bf68614088b80899f8185d706f6e7 -> 
  custom:video-encoder-webm-vp8: eb34c28f22e8b96e1ab97ce403110664 -> 
  custom:audio-decoder-ogg-vorbis: bf7c407c2cedff20999df2af8eb42d56 -> 
  custom:audio-encoder-webm-vorbis: bf7c407c2cedff20999df2af8eb42d56 -> 
========================================================================
Received Import Request.
  Time since last request: 125466.294222 seconds.
  path: Assets/Tiles/TilesetFloor_39.asset
  artifactKey: Guid(547d4872e77d1724e8aedc1108127189) Importer(815301076,1909f56bfc062723c751e8b465ee728b)
Start importing Assets/Tiles/TilesetFloor_39.asset using Guid(547d4872e77d1724e8aedc1108127189) Importer(815301076,1909f56bfc062723c751e8b465ee728b)  -> (artifact id: '5f46bc0540bf682a9c8da3bb32b21740') in 0.158724 seconds
Number of updated asset objects reloaded before import = 0
Number of asset objects unloaded after import = 3
========================================================================
Received Import Request.
  Time since last request: 0.000048 seconds.
  path: Assets/Tiles/TilesetFloor_44.asset
  artifactKey: Guid(5162c227f02b4d64bb096d29c0b77b60) Importer(815301076,1909f56bfc062723c751e8b465ee728b)
Start importing Assets/Tiles/TilesetFloor_44.asset using Guid(5162c227f02b4d64bb096d29c0b77b60) Importer(815301076,1909f56bfc062723c751e8b465ee728b)  -> (artifact id: '86bbd7ac72f3ea33ca507a3e56c36a3d') in 0.018425 seconds
Number of updated asset objects reloaded before import = 0
Number of asset objects unloaded after import = 3
========================================================================
Received Import Request.
  Time since last request: 0.000047 seconds.
  path: Assets/Tiles/TilesetFloor_21.asset
  artifactKey: Guid(22549a0cb7096af4cbc4094c00451dc7) Importer(815301076,1909f56bfc062723c751e8b465ee728b)
Start importing Assets/Tiles/TilesetFloor_21.asset using Guid(22549a0cb7096af4cbc4094c00451dc7) Importer(815301076,1909f56bfc062723c751e8b465ee728b)  -> (artifact id: '1c4b9b9a794a4ca0a212f2318686febc') in 0.024848 seconds
Number of updated asset objects reloaded before import = 0
Number of asset objects unloaded after import = 3
========================================================================
Received Import Request.
  Time since last request: 0.000105 seconds.
  path: Assets/Tiles/TilesetFloor_12.asset
  artifactKey: Guid(a75891e186ea7c0478329792054fa1a7) Importer(815301076,1909f56bfc062723c751e8b465ee728b)
Start importing Assets/Tiles/TilesetFloor_12.asset using Guid(a75891e186ea7c0478329792054fa1a7) Importer(815301076,1909f56bfc062723c751e8b465ee728b)  -> (artifact id: 'ff777b4430dc56a687a94c31dcd6873e') in 0.020280 seconds
Number of updated asset objects reloaded before import = 0
Number of asset objects unloaded after import = 3
========================================================================
Received Import Request.
  Time since last request: 0.000034 seconds.
  path: Assets/Tiles/TilesetFloor_13.asset
  artifactKey: Guid(e5683d1e75031174fad3081e67792e6a) Importer(815301076,1909f56bfc062723c751e8b465ee728b)
Start importing Assets/Tiles/TilesetFloor_13.asset using Guid(e5683d1e75031174fad3081e67792e6a) Importer(815301076,1909f56bfc062723c751e8b465ee728b)  -> (artifact id: '537e375a75c0446093be0abced3dc4b9') in 0.008816 seconds
Number of updated asset objects reloaded before import = 0
Number of asset objects unloaded after import = 3
========================================================================
Received Import Request.
  Time since last request: 1209.769271 seconds.
  path: Assets/Ninja Adventure - Asset Pack/Ninja Adventure - Asset Pack/Backgrounds/Tilesets/TilesetDesert.png
  artifactKey: Guid(4c631d0f4e6a0a0489d44460d1799e70) Importer(815301076,1909f56bfc062723c751e8b465ee728b)
Start importing Assets/Ninja Adventure - Asset Pack/Ninja Adventure - Asset Pack/Backgrounds/Tilesets/TilesetDesert.png using Guid(4c631d0f4e6a0a0489d44460d1799e70) Importer(815301076,1909f56bfc062723c751e8b465ee728b)  -> (artifact id: '274fbbe551e1ac17c28c3a74ae1ca3cb') in 1.913294 seconds
Number of updated asset objects reloaded before import = 0
Number of asset objects unloaded after import = 230
========================================================================
Received Import Request.
  Time since last request: 0.000111 seconds.
  path: Assets/Ninja Adventure - Asset Pack/Ninja Adventure - Asset Pack/Backgrounds/Tilesets/TilesetFloor.png
  artifactKey: Guid(130e55c36b0b91c42a4c4981c773b045) Importer(815301076,1909f56bfc062723c751e8b465ee728b)
Start importing Assets/Ninja Adventure - Asset Pack/Ninja Adventure - Asset Pack/Backgrounds/Tilesets/TilesetFloor.png using Guid(130e55c36b0b91c42a4c4981c773b045) Importer(815301076,1909f56bfc062723c751e8b465ee728b)  -> (artifact id: '9c1a9efb318fe1bdab104d51529a446c') in 2.907419 seconds
Number of updated asset objects reloaded before import = 0
Number of asset objects unloaded after import = 460
========================================================================
Received Import Request.
  Time since last request: 0.000071 seconds.
  path: Assets/Ninja Adventure - Asset Pack/Ninja Adventure - Asset Pack/Backgrounds/Tilesets/TilesetReliefDetail.png
  artifactKey: Guid(8b54166af96f9c944a72d76698f81f92) Importer(815301076,1909f56bfc062723c751e8b465ee728b)
Start importing Assets/Ninja Adventure - Asset Pack/Ninja Adventure - Asset Pack/Backgrounds/Tilesets/TilesetReliefDetail.png using Guid(8b54166af96f9c944a72d76698f81f92) Importer(815301076,1909f56bfc062723c751e8b465ee728b)  -> (artifact id: '3bd72dc4ed0cc90beefdfe652201672c') in 0.297110 seconds
Number of updated asset objects reloaded before import = 0
Number of asset objects unloaded after import = 53
========================================================================
Received Import Request.
  Time since last request: 0.000032 seconds.
  path: Assets/Ninja Adventure - Asset Pack/Ninja Adventure - Asset Pack/Backgrounds/Tilesets/TilesetFloorDetail.png
  artifactKey: Guid(a1dc71f572daa644c95781661ab7cd6d) Importer(815301076,1909f56bfc062723c751e8b465ee728b)
Start importing Assets/Ninja Adventure - Asset Pack/Ninja Adventure - Asset Pack/Backgrounds/Tilesets/TilesetFloorDetail.png using Guid(a1dc71f572daa644c95781661ab7cd6d) Importer(815301076,1909f56bfc062723c751e8b465ee728b)  -> (artifact id: '95c5eb83b601856a4b312643385e26f9') in 0.114030 seconds
Number of updated asset objects reloaded before import = 0
Number of asset objects unloaded after import = 35
========================================================================
Received Import Request.
  Time since last request: 0.000147 seconds.
  path: Assets/Ninja Adventure - Asset Pack/Ninja Adventure - Asset Pack/Backgrounds/Tilesets/TilesetHouse.png
  artifactKey: Guid(b979d687cba7ca34ea7509bf9c648bef) Importer(815301076,1909f56bfc062723c751e8b465ee728b)
Start importing Assets/Ninja Adventure - Asset Pack/Ninja Adventure - Asset Pack/Backgrounds/Tilesets/TilesetHouse.png using Guid(b979d687cba7ca34ea7509bf9c648bef) Importer(815301076,1909f56bfc062723c751e8b465ee728b)  -> (artifact id: '7bc56fe17ae4f30550b8238a4dbeaa9a') in 3.475274 seconds
Number of updated asset objects reloaded before import = 0
Number of asset objects unloaded after import = 650
========================================================================
Received Import Request.
  Time since last request: 87.105498 seconds.
  path: Assets/Ninja Adventure - Asset Pack/Ninja Adventure - Asset Pack/Items/WeaponPreview2.png
  artifactKey: Guid(b46abfb30bdef2c46906737f17350e93) Importer(815301076,1909f56bfc062723c751e8b465ee728b)
Start importing Assets/Ninja Adventure - Asset Pack/Ninja Adventure - Asset Pack/Items/WeaponPreview2.png using Guid(b46abfb30bdef2c46906737f17350e93) Importer(815301076,1909f56bfc062723c751e8b465ee728b)  -> (artifact id: 'a3e5df54f81ab07c9a3a712624532b4e') in 0.049747 seconds
Number of updated asset objects reloaded before import = 0
Number of asset objects unloaded after import = 3
========================================================================
Received Import Request.
  Time since last request: 0.938131 seconds.
  path: Assets/Ninja Adventure - Asset Pack/Ninja Adventure - Asset Pack/Musics/2 - The Cave.ogg
  artifactKey: Guid(1df4a927b3e8cbb45b6bad80de98e56c) Importer(815301076,1909f56bfc062723c751e8b465ee728b)
Start importing Assets/Ninja Adventure - Asset Pack/Ninja Adventure - Asset Pack/Musics/2 - The Cave.ogg using Guid(1df4a927b3e8cbb45b6bad80de98e56c) Importer(815301076,1909f56bfc062723c751e8b465ee728b)  -> (artifact id: '01e12ca943365c5e36c8db2917ce40ac') in 0.493622 seconds
Number of updated asset objects reloaded before import = 0
Number of asset objects unloaded after import = 2
========================================================================
Received Import Request.
  Time since last request: 0.000043 seconds.
  path: Assets/Ninja Adventure - Asset Pack/Ninja Adventure - Asset Pack/Musics/23 - Road.ogg
  artifactKey: Guid(62fe913bc0ea47042beff8a6025a7aac) Importer(815301076,1909f56bfc062723c751e8b465ee728b)
Start importing Assets/Ninja Adventure - Asset Pack/Ninja Adventure - Asset Pack/Musics/23 - Road.ogg using Guid(62fe913bc0ea47042beff8a6025a7aac) Importer(815301076,1909f56bfc062723c751e8b465ee728b)  -> (artifact id: 'd992ddc560fc594d57975ce60d486787') in 0.014221 seconds
Number of updated asset objects reloaded before import = 0
Number of asset objects unloaded after import = 2
========================================================================
Received Import Request.
  Time since last request: 0.000053 seconds.
  path: Assets/Ninja Adventure - Asset Pack/Ninja Adventure - Asset Pack/Musics/11 - Clearing.ogg
  artifactKey: Guid(34e75685e8a70344dbbfe13619605ec1) Importer(815301076,1909f56bfc062723c751e8b465ee728b)
Start importing Assets/Ninja Adventure - Asset Pack/Ninja Adventure - Asset Pack/Musics/11 - Clearing.ogg using Guid(34e75685e8a70344dbbfe13619605ec1) Importer(815301076,1909f56bfc062723c751e8b465ee728b)  -> (artifact id: 'f9d1009083042c9ff5e71804ee180f87') in 0.013728 seconds
Number of updated asset objects reloaded before import = 0
Number of asset objects unloaded after import = 2
========================================================================
Received Import Request.
  Time since last request: 0.000032 seconds.
  path: Assets/Ninja Adventure - Asset Pack/Ninja Adventure - Asset Pack/Musics/12 - Temple.ogg
  artifactKey: Guid(65f0ec4b4c5bb6a45917c678ea4043ee) Importer(815301076,1909f56bfc062723c751e8b465ee728b)
Start importing Assets/Ninja Adventure - Asset Pack/Ninja Adventure - Asset Pack/Musics/12 - Temple.ogg using Guid(65f0ec4b4c5bb6a45917c678ea4043ee) Importer(815301076,1909f56bfc062723c751e8b465ee728b)  -> (artifact id: '760f939543c49a20a295c943ceef39be') in 0.013946 seconds
Number of updated asset objects reloaded before import = 0
Number of asset objects unloaded after import = 2
========================================================================
Received Import Request.
  Time since last request: 0.000035 seconds.
  path: Assets/Ninja Adventure - Asset Pack/Ninja Adventure - Asset Pack/Musics/27 - Chill.ogg
  artifactKey: Guid(3f70696fc78a7bf45a26aa2f0538a7a9) Importer(815301076,1909f56bfc062723c751e8b465ee728b)
Start importing Assets/Ninja Adventure - Asset Pack/Ninja Adventure - Asset Pack/Musics/27 - Chill.ogg using Guid(3f70696fc78a7bf45a26aa2f0538a7a9) Importer(815301076,1909f56bfc062723c751e8b465ee728b)  -> (artifact id: 'f6b48466a5a7727d1fc49706da6e75ec') in 0.012630 seconds
Number of updated asset objects reloaded before import = 0
Number of asset objects unloaded after import = 2
========================================================================
Received Import Request.
  Time since last request: 0.000176 seconds.
  path: Assets/Ninja Adventure - Asset Pack/Ninja Adventure - Asset Pack/Musics/10 - Dark Castle.ogg
  artifactKey: Guid(5fb1203f8dcfe2f4abe0c0a069388e60) Importer(815301076,1909f56bfc062723c751e8b465ee728b)
Start importing Assets/Ninja Adventure - Asset Pack/Ninja Adventure - Asset Pack/Musics/10 - Dark Castle.ogg using Guid(5fb1203f8dcfe2f4abe0c0a069388e60) Importer(815301076,1909f56bfc062723c751e8b465ee728b)  -> (artifact id: '06c110226108e2be0235544edfbb6932') in 0.016985 seconds
Number of updated asset objects reloaded before import = 0
Number of asset objects unloaded after import = 2
========================================================================
Received Import Request.
  Time since last request: 0.000037 seconds.
  path: Assets/Ninja Adventure - Asset Pack/Ninja Adventure - Asset Pack/Musics/6 - Story (Short).ogg
  artifactKey: Guid(fc8f16cb59160354c98c413a9beb9f08) Importer(815301076,1909f56bfc062723c751e8b465ee728b)
Start importing Assets/Ninja Adventure - Asset Pack/Ninja Adventure - Asset Pack/Musics/6 - Story (Short).ogg using Guid(fc8f16cb59160354c98c413a9beb9f08) Importer(815301076,1909f56bfc062723c751e8b465ee728b)  -> (artifact id: '6b210b159b37aa8443e4023139f8985f') in 0.018727 seconds
Number of updated asset objects reloaded before import = 0
Number of asset objects unloaded after import = 2
========================================================================
Received Import Request.
  Time since last request: 0.000042 seconds.
  path: Assets/Ninja Adventure - Asset Pack/Ninja Adventure - Asset Pack/Musics/22 - Dream.ogg
  artifactKey: Guid(b70e8e76dfce8774a9a89d3a139d53d8) Importer(815301076,1909f56bfc062723c751e8b465ee728b)
Start importing Assets/Ninja Adventure - Asset Pack/Ninja Adventure - Asset Pack/Musics/22 - Dream.ogg using Guid(b70e8e76dfce8774a9a89d3a139d53d8) Importer(815301076,1909f56bfc062723c751e8b465ee728b)  -> (artifact id: '6c2508a9a3e146c20ba5d796cf8f2304') in 0.015987 seconds
Number of updated asset objects reloaded before import = 0
Number of asset objects unloaded after import = 2
========================================================================
Received Import Request.
  Time since last request: 0.000036 seconds.
  path: Assets/Ninja Adventure - Asset Pack/Ninja Adventure - Asset Pack/Musics/4 - Village.ogg
  artifactKey: Guid(7ee5d2ed75b496443ab7e39ca77b9cf1) Importer(815301076,1909f56bfc062723c751e8b465ee728b)
Start importing Assets/Ninja Adventure - Asset Pack/Ninja Adventure - Asset Pack/Musics/4 - Village.ogg using Guid(7ee5d2ed75b496443ab7e39ca77b9cf1) Importer(815301076,1909f56bfc062723c751e8b465ee728b)  -> (artifact id: '30fa09a054b3cb1e8af669d00f871fee') in 0.018063 seconds
Number of updated asset objects reloaded before import = 0
Number of asset objects unloaded after import = 2
========================================================================
Received Import Request.
  Time since last request: 0.000106 seconds.
  path: Assets/Ninja Adventure - Asset Pack/Ninja Adventure - Asset Pack/Musics/17 - Fight.ogg
  artifactKey: Guid(620ae52c6788c29429aa2e514e2588c8) Importer(815301076,1909f56bfc062723c751e8b465ee728b)
Start importing Assets/Ninja Adventure - Asset Pack/Ninja Adventure - Asset Pack/Musics/17 - Fight.ogg using Guid(620ae52c6788c29429aa2e514e2588c8) Importer(815301076,1909f56bfc062723c751e8b465ee728b)  -> (artifact id: '9e9c24b310f1ed0f3984c1476dfb9687') in 0.021709 seconds
Number of updated asset objects reloaded before import = 0
Number of asset objects unloaded after import = 2
========================================================================
Received Import Request.
  Time since last request: 0.000058 seconds.
  path: Assets/Ninja Adventure - Asset Pack/Ninja Adventure - Asset Pack/Musics/26 - Lost Village.ogg
  artifactKey: Guid(92a69c8418fe3c14380cae0a41d8ad78) Importer(815301076,1909f56bfc062723c751e8b465ee728b)
Start importing Assets/Ninja Adventure - Asset Pack/Ninja Adventure - Asset Pack/Musics/26 - Lost Village.ogg using Guid(92a69c8418fe3c14380cae0a41d8ad78) Importer(815301076,1909f56bfc062723c751e8b465ee728b)  -> (artifact id: '92619ecd2bb70af512ecab34e6b44e04') in 0.015546 seconds
Number of updated asset objects reloaded before import = 0
Number of asset objects unloaded after import = 2
========================================================================
Received Import Request.
  Time since last request: 0.000029 seconds.
  path: Assets/Ninja Adventure - Asset Pack/Ninja Adventure - Asset Pack/Musics/9 - Quiet.ogg
  artifactKey: Guid(a780a44c4b959604d803576dc9de97c2) Importer(815301076,1909f56bfc062723c751e8b465ee728b)
Start importing Assets/Ninja Adventure - Asset Pack/Ninja Adventure - Asset Pack/Musics/9 - Quiet.ogg using Guid(a780a44c4b959604d803576dc9de97c2) Importer(815301076,1909f56bfc062723c751e8b465ee728b)  -> (artifact id: '1282370c21a9afd567897472076adbd9') in 0.014477 seconds
Number of updated asset objects reloaded before import = 0
Number of asset objects unloaded after import = 2
========================================================================
Received Import Request.
  Time since last request: 0.000033 seconds.
  path: Assets/Ninja Adventure - Asset Pack/Ninja Adventure - Asset Pack/Musics/29 - Lament.ogg
  artifactKey: Guid(d9541ccbb582a4249bc3ab49b22817b4) Importer(815301076,1909f56bfc062723c751e8b465ee728b)
Start importing Assets/Ninja Adventure - Asset Pack/Ninja Adventure - Asset Pack/Musics/29 - Lament.ogg using Guid(d9541ccbb582a4249bc3ab49b22817b4) Importer(815301076,1909f56bfc062723c751e8b465ee728b)  -> (artifact id: '9902b2efc739d900fd89745620727c20') in 0.022438 seconds
Number of updated asset objects reloaded before import = 0
Number of asset objects unloaded after import = 2
========================================================================
Received Import Request.
  Time since last request: 0.000062 seconds.
  path: Assets/Ninja Adventure - Asset Pack/Ninja Adventure - Asset Pack/Musics/19 - Ascension.ogg
  artifactKey: Guid(8c27b8bddc54a3947ace58ec9c381339) Importer(815301076,1909f56bfc062723c751e8b465ee728b)
Start importing Assets/Ninja Adventure - Asset Pack/Ninja Adventure - Asset Pack/Musics/19 - Ascension.ogg using Guid(8c27b8bddc54a3947ace58ec9c381339) Importer(815301076,1909f56bfc062723c751e8b465ee728b)  -> (artifact id: '1a472023900b11aa5c3bd34913708406') in 0.029416 seconds
Number of updated asset objects reloaded before import = 0
Number of asset objects unloaded after import = 2
========================================================================
Received Import Request.
  Time since last request: 0.000039 seconds.
  path: Assets/Ninja Adventure - Asset Pack/Ninja Adventure - Asset Pack/Musics/20 - Good Time.ogg
  artifactKey: Guid(bc10abe8bb69a7a42b283e09d787c225) Importer(815301076,1909f56bfc062723c751e8b465ee728b)
Start importing Assets/Ninja Adventure - Asset Pack/Ninja Adventure - Asset Pack/Musics/20 - Good Time.ogg using Guid(bc10abe8bb69a7a42b283e09d787c225) Importer(815301076,1909f56bfc062723c751e8b465ee728b)  -> (artifact id: '8244e7db9018fa157a6ee6a1e1c48143') in 0.031816 seconds
Number of updated asset objects reloaded before import = 0
Number of asset objects unloaded after import = 2
========================================================================
Received Import Request.
  Time since last request: 0.000050 seconds.
  path: Assets/Ninja Adventure - Asset Pack/Ninja Adventure - Asset Pack/Musics/6 - Story.ogg
  artifactKey: Guid(d01f84fe1c77d514dad85a043b892323) Importer(815301076,1909f56bfc062723c751e8b465ee728b)
Start importing Assets/Ninja Adventure - Asset Pack/Ninja Adventure - Asset Pack/Musics/6 - Story.ogg using Guid(d01f84fe1c77d514dad85a043b892323) Importer(815301076,1909f56bfc062723c751e8b465ee728b)  -> (artifact id: '60ba0fcb9cd974d37e8b58edb4c811aa') in 0.034409 seconds
Number of updated asset objects reloaded before import = 0
Number of asset objects unloaded after import = 2
========================================================================
Received Import Request.
  Time since last request: 0.000040 seconds.
  path: Assets/Ninja Adventure - Asset Pack/Ninja Adventure - Asset Pack/Musics/25 - End Theme 2.ogg
  artifactKey: Guid(1131c61850730a24ebad8ca1fc9b1ae3) Importer(815301076,1909f56bfc062723c751e8b465ee728b)
Start importing Assets/Ninja Adventure - Asset Pack/Ninja Adventure - Asset Pack/Musics/25 - End Theme 2.ogg using Guid(1131c61850730a24ebad8ca1fc9b1ae3) Importer(815301076,1909f56bfc062723c751e8b465ee728b)  -> (artifact id: '7842b2335041323296fcb535dc7dd67f') in 0.025418 seconds
Number of updated asset objects reloaded before import = 0
Number of asset objects unloaded after import = 2
Editor requested this worker to shutdown with reason: Scaling down because of idle timeout
TcpMessagingSession - receive error: operation aborted. errorcode: 995, details: The I/O operation has been aborted because of either a thread exit or an application request.
AssetImportWorker is now disconnected from the server
Process exiting
Exiting without the bug reporter. Application will terminate with return code 0