Using pre-set license
Built from '2022.3/staging' branch; Version is '2022.3.27f1 (73effa14754f) revision 7598074'; Using compiler version '192829333'; Build Type 'Release'
OS: 'Windows 11  (10.0.22621) 64bit CoreSingleLanguage' Language: 'en' Physical Memory: 7914 MB
BatchMode: 1, IsHumanControllingUs: 0, StartBugReporterOnCrash: 0, Is64bit: 1, IsPro: 1

COMMAND LINE ARGUMENTS:
D:\Program Files\Unity\Hub\Editor\2022.3.27f1\Editor\Unity.exe
-adb2
-batchMode
-noUpm
-name
AssetImportWorker1
-projectPath
D:/Users/Document/Code-Project-File/Projects/UnityGame/Arcane_Realms
-logFile
Logs/AssetImportWorker1.log
-srvPort
50417
Successfully changed project path to: D:/Users/Document/Code-Project-File/Projects/UnityGame/Arcane_Realms
D:/Users/Document/Code-Project-File/Projects/UnityGame/Arcane_Realms
[UnityMemory] Configuration Parameters - Can be set up in boot.config
    "memorysetup-bucket-allocator-granularity=16"
    "memorysetup-bucket-allocator-bucket-count=8"
    "memorysetup-bucket-allocator-block-size=33554432"
    "memorysetup-bucket-allocator-block-count=8"
    "memorysetup-main-allocator-block-size=16777216"
    "memorysetup-thread-allocator-block-size=16777216"
    "memorysetup-gfx-main-allocator-block-size=16777216"
    "memorysetup-gfx-thread-allocator-block-size=16777216"
    "memorysetup-cache-allocator-block-size=4194304"
    "memorysetup-typetree-allocator-block-size=2097152"
    "memorysetup-profiler-bucket-allocator-granularity=16"
    "memorysetup-profiler-bucket-allocator-bucket-count=8"
    "memorysetup-profiler-bucket-allocator-block-size=33554432"
    "memorysetup-profiler-bucket-allocator-block-count=8"
    "memorysetup-profiler-allocator-block-size=16777216"
    "memorysetup-profiler-editor-allocator-block-size=1048576"
    "memorysetup-temp-allocator-size-main=16777216"
    "memorysetup-job-temp-allocator-block-size=2097152"
    "memorysetup-job-temp-allocator-block-size-background=1048576"
    "memorysetup-job-temp-allocator-reduction-small-platforms=262144"
    "memorysetup-allocator-temp-initial-block-size-main=262144"
    "memorysetup-allocator-temp-initial-block-size-worker=262144"
    "memorysetup-temp-allocator-size-background-worker=32768"
    "memorysetup-temp-allocator-size-job-worker=262144"
    "memorysetup-temp-allocator-size-preload-manager=33554432"
    "memorysetup-temp-allocator-size-nav-mesh-worker=65536"
    "memorysetup-temp-allocator-size-audio-worker=65536"
    "memorysetup-temp-allocator-size-cloud-worker=32768"
    "memorysetup-temp-allocator-size-gi-baking-worker=262144"
    "memorysetup-temp-allocator-size-gfx=262144"
Player connection [22384] Host "[IP] 192.168.1.12 [Port] 0 [Flags] 2 [Guid] 2031648695 [EditorId] 2031648695 [Version] 1048832 [Id] WindowsEditor(7,DESKTOP-PD8BQA1) [Debug] 1 [PackageName] WindowsEditor [ProjectName] Editor" joined multi-casting on [225.0.0.222:54997]...

Player connection [22384] Host "[IP] 192.168.1.12 [Port] 0 [Flags] 2 [Guid] 2031648695 [EditorId] 2031648695 [Version] 1048832 [Id] WindowsEditor(7,DESKTOP-PD8BQA1) [Debug] 1 [PackageName] WindowsEditor [ProjectName] Editor" joined alternative multi-casting on [225.0.0.222:34997]...

[Physics::Module] Initialized MultithreadedJobDispatcher with 7 workers.
Refreshing native plugins compatible for Editor in 46.63 ms, found 4 plugins.
Preloading 0 native plugins for Editor in 0.00 ms.
Initialize engine version: 2022.3.27f1 (73effa14754f)
[Subsystems] Discovering subsystems at path D:/Program Files/Unity/Hub/Editor/2022.3.27f1/Editor/Data/Resources/UnitySubsystems
[Subsystems] Discovering subsystems at path D:/Users/Document/Code-Project-File/Projects/UnityGame/Arcane_Realms/Assets
GfxDevice: creating device client; threaded=0; jobified=0
Direct3D:
    Version:  Direct3D 11.0 [level 11.1]
    Renderer: NVIDIA GeForce MX330 (ID=0x1d16)
    Vendor:   NVIDIA
    VRAM:     1982 MB
    Driver:   31.0.15.4659
Initialize mono
Mono path[0] = 'D:/Program Files/Unity/Hub/Editor/2022.3.27f1/Editor/Data/Managed'
Mono path[1] = 'D:/Program Files/Unity/Hub/Editor/2022.3.27f1/Editor/Data/MonoBleedingEdge/lib/mono/unityjit-win32'
Mono config path = 'D:/Program Files/Unity/Hub/Editor/2022.3.27f1/Editor/Data/MonoBleedingEdge/etc'
Using monoOptions --debugger-agent=transport=dt_socket,embedding=1,server=y,suspend=n,address=127.0.0.1:56884
Begin MonoManager ReloadAssembly
Registering precompiled unity dll's ...
Register platform support module: D:/Program Files/Unity/Hub/Editor/2022.3.27f1/Editor/Data/PlaybackEngines/WindowsStandaloneSupport/UnityEditor.WindowsStandalone.Extensions.dll
Registered in 0.006204 seconds.
- Loaded All Assemblies, in  0.994 seconds
Native extension for WindowsStandalone target not found
Mono: successfully reloaded assembly
- Finished resetting the current domain, in  0.851 seconds
Domain Reload Profiling: 1845ms
	BeginReloadAssembly (433ms)
		ExecutionOrderSort (0ms)
		DisableScriptedObjects (0ms)
		BackupInstance (0ms)
		ReleaseScriptingObjects (0ms)
		CreateAndSetChildDomain (3ms)
	RebuildCommonClasses (97ms)
	RebuildNativeTypeToScriptingClass (30ms)
	initialDomainReloadingComplete (105ms)
	LoadAllAssembliesAndSetupDomain (329ms)
		LoadAssemblies (430ms)
		RebuildTransferFunctionScriptingTraits (0ms)
		AnalyzeDomain (326ms)
			TypeCache.Refresh (323ms)
				TypeCache.ScanAssembly (294ms)
			ScanForSourceGeneratedMonoScriptInfo (1ms)
			ResolveRequiredComponents (1ms)
	FinalizeReload (852ms)
		ReleaseScriptCaches (0ms)
		RebuildScriptCaches (0ms)
		SetupLoadedEditorAssemblies (706ms)
			LogAssemblyErrors (0ms)
			InitializePlatformSupportModulesInManaged (18ms)
			SetLoadedEditorAssemblies (18ms)
			RefreshPlugins (0ms)
			BeforeProcessingInitializeOnLoad (4ms)
			ProcessInitializeOnLoadAttributes (519ms)
			ProcessInitializeOnLoadMethodAttributes (146ms)
			AfterProcessingInitializeOnLoad (0ms)
			EditorAssembliesLoaded (0ms)
		ExecutionOrderSort2 (0ms)
		AwakeInstancesAfterBackupRestoration (0ms)
========================================================================
Worker process is ready to serve import requests
Begin MonoManager ReloadAssembly
- Loaded All Assemblies, in  2.122 seconds
Refreshing native plugins compatible for Editor in 9.83 ms, found 4 plugins.
Native extension for WindowsStandalone target not found
Package Manager log level set to [2]
[Package Manager] Server::EnsureServerProcessIsRunning -- launch failed, reason: Unity was launched with the -noUpm command-line argument
[Package Manager] UpmClient::Send -- Unable to send message (not connected to UPM process).
[Package Manager] Cannot connect to Unity Package Manager local server
Mono: successfully reloaded assembly
- Finished resetting the current domain, in  2.425 seconds
Domain Reload Profiling: 4549ms
	BeginReloadAssembly (414ms)
		ExecutionOrderSort (0ms)
		DisableScriptedObjects (13ms)
		BackupInstance (0ms)
		ReleaseScriptingObjects (0ms)
		CreateAndSetChildDomain (45ms)
	RebuildCommonClasses (85ms)
	RebuildNativeTypeToScriptingClass (35ms)
	initialDomainReloadingComplete (132ms)
	LoadAllAssembliesAndSetupDomain (1456ms)
		LoadAssemblies (1198ms)
		RebuildTransferFunctionScriptingTraits (0ms)
		AnalyzeDomain (528ms)
			TypeCache.Refresh (468ms)
				TypeCache.ScanAssembly (428ms)
			ScanForSourceGeneratedMonoScriptInfo (47ms)
			ResolveRequiredComponents (11ms)
	FinalizeReload (2426ms)
		ReleaseScriptCaches (0ms)
		RebuildScriptCaches (0ms)
		SetupLoadedEditorAssemblies (2012ms)
			LogAssemblyErrors (0ms)
			InitializePlatformSupportModulesInManaged (14ms)
			SetLoadedEditorAssemblies (10ms)
			RefreshPlugins (0ms)
			BeforeProcessingInitializeOnLoad (544ms)
			ProcessInitializeOnLoadAttributes (1366ms)
			ProcessInitializeOnLoadMethodAttributes (74ms)
			AfterProcessingInitializeOnLoad (4ms)
			EditorAssembliesLoaded (0ms)
		ExecutionOrderSort2 (0ms)
		AwakeInstancesAfterBackupRestoration (13ms)
Launched and connected shader compiler UnityShaderCompiler.exe after 0.13 seconds
Refreshing native plugins compatible for Editor in 10.89 ms, found 4 plugins.
Preloading 0 native plugins for Editor in 0.00 ms.
Unloading 4034 Unused Serialized files (Serialized files now loaded: 0)
Unloading 65 unused Assets / (61.7 KB). Loaded Objects now: 4495.
Memory consumption went from 143.6 MB to 143.6 MB.
Total: 14.317400 ms (FindLiveObjects: 3.092200 ms CreateObjectMapping: 0.636400 ms MarkObjects: 10.115700 ms  DeleteObjects: 0.467100 ms)

AssetImportParameters requested are different than current active one (requested -> active):
  custom:container-demuxer-ogg: 62fdf1f143b41e24485cea50d1cbac27 -> 
  custom:video-codec-MediaFoundation-h265: 746d11721c4dcdbdad8f713fa42b33f4 -> 
  custom:video-decoder-ogg-theora: a1e56fd34408186e4bbccfd4996cb3dc -> 
  custom:framework-win-MediaFoundation: 216162199b28c13a410421893ffa2e32 -> 
  custom:CustomObjectIndexerAttribute: 9a22284fe3817be447336de3de66b15e -> 
  custom:container-demuxer-webm: 4f35f7cbe854078d1ac9338744f61a02 -> 
  custom:container-muxer-webm: aa71ff27fc2769a1b78a27578f13a17b -> 
  custom:video-decoder-webm-vp8: 9c59270c3fd7afecdb556c50c9e8de78 -> 
  custom:SearchIndexIgnoredProperties: e643bd26f0fe6173181afceb89e7c659 -> 
  custom:AudioImporter_EditorPlatform: d09bf68614088b80899f8185d706f6e7 -> 
  custom:video-encoder-webm-vp8: eb34c28f22e8b96e1ab97ce403110664 -> 
  custom:audio-decoder-ogg-vorbis: bf7c407c2cedff20999df2af8eb42d56 -> 
  custom:audio-encoder-webm-vorbis: bf7c407c2cedff20999df2af8eb42d56 -> 
========================================================================
Received Import Request.
  Time since last request: 123912.013120 seconds.
  path: Assets/Ninja Adventure - Asset Pack/Ninja Adventure - Asset Pack/Ui/Emote/emote2.png
  artifactKey: Guid(23c93ae10d454b544bb5c86ae73a0f19) Importer(815301076,1909f56bfc062723c751e8b465ee728b)
Start importing Assets/Ninja Adventure - Asset Pack/Ninja Adventure - Asset Pack/Ui/Emote/emote2.png using Guid(23c93ae10d454b544bb5c86ae73a0f19) Importer(815301076,1909f56bfc062723c751e8b465ee728b)  -> (artifact id: 'f660e45ce4c22c814a8a025abad3510a') in 0.201481 seconds
Number of updated asset objects reloaded before import = 0
Number of asset objects unloaded after import = 3
========================================================================
Received Import Request.
  Time since last request: 0.000039 seconds.
  path: Assets/Ninja Adventure - Asset Pack/Ninja Adventure - Asset Pack/Ui/Emote/emote23.png
  artifactKey: Guid(a182fa749fcdf78429a53b00a1e5864f) Importer(815301076,1909f56bfc062723c751e8b465ee728b)
Start importing Assets/Ninja Adventure - Asset Pack/Ninja Adventure - Asset Pack/Ui/Emote/emote23.png using Guid(a182fa749fcdf78429a53b00a1e5864f) Importer(815301076,1909f56bfc062723c751e8b465ee728b)  -> (artifact id: '060f5c3119b34d3ad34c3d54d69dac5b') in 0.022843 seconds
Number of updated asset objects reloaded before import = 0
Number of asset objects unloaded after import = 3
========================================================================
Received Import Request.
  Time since last request: 0.000332 seconds.
  path: Assets/Ninja Adventure - Asset Pack/Ninja Adventure - Asset Pack/Ui/Emote/emote30.png
  artifactKey: Guid(1b1754c0d62fd7c49b86ec3d008faf1c) Importer(815301076,1909f56bfc062723c751e8b465ee728b)
Start importing Assets/Ninja Adventure - Asset Pack/Ninja Adventure - Asset Pack/Ui/Emote/emote30.png using Guid(1b1754c0d62fd7c49b86ec3d008faf1c) Importer(815301076,1909f56bfc062723c751e8b465ee728b)  -> (artifact id: 'e154c64360f0c3d0feaf2efcb7dac036') in 0.027936 seconds
Number of updated asset objects reloaded before import = 0
Number of asset objects unloaded after import = 3
========================================================================
Received Import Request.
  Time since last request: 0.000298 seconds.
  path: Assets/Ninja Adventure - Asset Pack/Ninja Adventure - Asset Pack/Ui/Dialog/DialogueBoxSimple.png
  artifactKey: Guid(1485abd4fbab90e43b7b7cd69e640fdb) Importer(815301076,1909f56bfc062723c751e8b465ee728b)
Start importing Assets/Ninja Adventure - Asset Pack/Ninja Adventure - Asset Pack/Ui/Dialog/DialogueBoxSimple.png using Guid(1485abd4fbab90e43b7b7cd69e640fdb) Importer(815301076,1909f56bfc062723c751e8b465ee728b)  -> (artifact id: 'fbe83fdaa96d06d254c0f7aad385da48') in 0.026757 seconds
Number of updated asset objects reloaded before import = 0
Number of asset objects unloaded after import = 3
========================================================================
Received Import Request.
  Time since last request: 0.000028 seconds.
  path: Assets/Ninja Adventure - Asset Pack/Ninja Adventure - Asset Pack/Ui/Emote/emote15.png
  artifactKey: Guid(81776f522bc087540b9b15cac5ac9ee3) Importer(815301076,1909f56bfc062723c751e8b465ee728b)
Start importing Assets/Ninja Adventure - Asset Pack/Ninja Adventure - Asset Pack/Ui/Emote/emote15.png using Guid(81776f522bc087540b9b15cac5ac9ee3) Importer(815301076,1909f56bfc062723c751e8b465ee728b)  -> (artifact id: 'c0871b8da51ba6f87036a7367fa679f7') in 0.017353 seconds
Number of updated asset objects reloaded before import = 0
Number of asset objects unloaded after import = 3
========================================================================
Received Import Request.
  Time since last request: 0.000023 seconds.
  path: Assets/Ninja Adventure - Asset Pack/Ninja Adventure - Asset Pack/Ui/Dialog/DialogInfo.png
  artifactKey: Guid(b2e4fb3898e47414793e8883e97e232f) Importer(815301076,1909f56bfc062723c751e8b465ee728b)
Start importing Assets/Ninja Adventure - Asset Pack/Ninja Adventure - Asset Pack/Ui/Dialog/DialogInfo.png using Guid(b2e4fb3898e47414793e8883e97e232f) Importer(815301076,1909f56bfc062723c751e8b465ee728b)  -> (artifact id: 'f7541772d9ee000934ebb48edce3542f') in 0.019661 seconds
Number of updated asset objects reloaded before import = 0
Number of asset objects unloaded after import = 3
========================================================================
Received Import Request.
  Time since last request: 0.000040 seconds.
  path: Assets/Ninja Adventure - Asset Pack/Ninja Adventure - Asset Pack/Ui/Dialog/NoButton.png
  artifactKey: Guid(09a6c2d52d5188b409def35f439b1af6) Importer(815301076,1909f56bfc062723c751e8b465ee728b)
Start importing Assets/Ninja Adventure - Asset Pack/Ninja Adventure - Asset Pack/Ui/Dialog/NoButton.png using Guid(09a6c2d52d5188b409def35f439b1af6) Importer(815301076,1909f56bfc062723c751e8b465ee728b)  -> (artifact id: '4a08be49bffc012b38be8891ac71a01d') in 0.026858 seconds
Number of updated asset objects reloaded before import = 0
Number of asset objects unloaded after import = 3
========================================================================
Received Import Request.
  Time since last request: 0.001532 seconds.
  path: Assets/Ninja Adventure - Asset Pack/Ninja Adventure - Asset Pack/Ui/Emote/emote25.png
  artifactKey: Guid(44e55c413bc4cda4eb6bd3c5ab8d6d98) Importer(815301076,1909f56bfc062723c751e8b465ee728b)
Start importing Assets/Ninja Adventure - Asset Pack/Ninja Adventure - Asset Pack/Ui/Emote/emote25.png using Guid(44e55c413bc4cda4eb6bd3c5ab8d6d98) Importer(815301076,1909f56bfc062723c751e8b465ee728b)  -> (artifact id: '1ddbfe631375f0238f85b78360f114d1') in 0.022402 seconds
Number of updated asset objects reloaded before import = 0
Number of asset objects unloaded after import = 3
========================================================================
Received Import Request.
  Time since last request: 0.000044 seconds.
  path: Assets/Ninja Adventure - Asset Pack/Ninja Adventure - Asset Pack/Ui/Emote/emote21.png
  artifactKey: Guid(b7a92088bc8b53242850baa2a00235f0) Importer(815301076,1909f56bfc062723c751e8b465ee728b)
Start importing Assets/Ninja Adventure - Asset Pack/Ninja Adventure - Asset Pack/Ui/Emote/emote21.png using Guid(b7a92088bc8b53242850baa2a00235f0) Importer(815301076,1909f56bfc062723c751e8b465ee728b)  -> (artifact id: 'b5e4e12c83ca2ed242e7b8a6144b75f9') in 0.027679 seconds
Number of updated asset objects reloaded before import = 0
Number of asset objects unloaded after import = 3
========================================================================
Received Import Request.
  Time since last request: 0.000914 seconds.
  path: Assets/Ninja Adventure - Asset Pack/Ninja Adventure - Asset Pack/Ui/Emote/emote24.png
  artifactKey: Guid(e3b66869bde30f14395004e8dcfe1be7) Importer(815301076,1909f56bfc062723c751e8b465ee728b)
Start importing Assets/Ninja Adventure - Asset Pack/Ninja Adventure - Asset Pack/Ui/Emote/emote24.png using Guid(e3b66869bde30f14395004e8dcfe1be7) Importer(815301076,1909f56bfc062723c751e8b465ee728b)  -> (artifact id: '69c22dbaa5db52b431dbb3ef8769532d') in 0.025445 seconds
Number of updated asset objects reloaded before import = 0
Number of asset objects unloaded after import = 3
========================================================================
Received Import Request.
  Time since last request: 0.000135 seconds.
  path: Assets/Ninja Adventure - Asset Pack/Ninja Adventure - Asset Pack/Ui/Emote/emote8.png
  artifactKey: Guid(1a97f13a9541fd24c9b3854c75d44314) Importer(815301076,1909f56bfc062723c751e8b465ee728b)
Start importing Assets/Ninja Adventure - Asset Pack/Ninja Adventure - Asset Pack/Ui/Emote/emote8.png using Guid(1a97f13a9541fd24c9b3854c75d44314) Importer(815301076,1909f56bfc062723c751e8b465ee728b)  -> (artifact id: 'da077388bb4d9a7f9e95e345c2bd34e1') in 0.022966 seconds
Number of updated asset objects reloaded before import = 0
Number of asset objects unloaded after import = 3
Editor requested this worker to shutdown with reason: Scaling down because of idle timeout
TcpMessagingSession - receive error: operation aborted. errorcode: 995, details: The I/O operation has been aborted because of either a thread exit or an application request.
AssetImportWorker is now disconnected from the server
Process exiting
Exiting without the bug reporter. Application will terminate with return code 0