Using pre-set license
Built from '2022.3/staging' branch; Version is '2022.3.27f1 (73effa14754f) revision 7598074'; Using compiler version '192829333'; Build Type 'Release'
OS: 'Windows 11  (10.0.22631) 64bit Core' Language: 'en' Physical Memory: 12185 MB
BatchMode: 1, IsHumanControllingUs: 0, StartBugReporterOnCrash: 0, Is64bit: 1, IsPro: 1

COMMAND LINE ARGUMENTS:
C:\Program Files\Unity\Hub\Editor\2022.3.27f1\Editor\Unity.exe
-adb2
-batchMode
-noUpm
-name
AssetImportWorker2
-projectPath
G:/PRU_GroupProject/Arcane_Realms
-logFile
Logs/AssetImportWorker2.log
-srvPort
51687
Successfully changed project path to: G:/PRU_GroupProject/Arcane_Realms
G:/PRU_GroupProject/Arcane_Realms
[UnityMemory] Configuration Parameters - Can be set up in boot.config
    "memorysetup-bucket-allocator-granularity=16"
    "memorysetup-bucket-allocator-bucket-count=8"
    "memorysetup-bucket-allocator-block-size=33554432"
    "memorysetup-bucket-allocator-block-count=8"
    "memorysetup-main-allocator-block-size=16777216"
    "memorysetup-thread-allocator-block-size=16777216"
    "memorysetup-gfx-main-allocator-block-size=16777216"
    "memorysetup-gfx-thread-allocator-block-size=16777216"
    "memorysetup-cache-allocator-block-size=4194304"
    "memorysetup-typetree-allocator-block-size=2097152"
    "memorysetup-profiler-bucket-allocator-granularity=16"
    "memorysetup-profiler-bucket-allocator-bucket-count=8"
    "memorysetup-profiler-bucket-allocator-block-size=33554432"
    "memorysetup-profiler-bucket-allocator-block-count=8"
    "memorysetup-profiler-allocator-block-size=16777216"
    "memorysetup-profiler-editor-allocator-block-size=1048576"
    "memorysetup-temp-allocator-size-main=16777216"
    "memorysetup-job-temp-allocator-block-size=2097152"
    "memorysetup-job-temp-allocator-block-size-background=1048576"
    "memorysetup-job-temp-allocator-reduction-small-platforms=262144"
    "memorysetup-allocator-temp-initial-block-size-main=262144"
    "memorysetup-allocator-temp-initial-block-size-worker=262144"
    "memorysetup-temp-allocator-size-background-worker=32768"
    "memorysetup-temp-allocator-size-job-worker=262144"
    "memorysetup-temp-allocator-size-preload-manager=33554432"
    "memorysetup-temp-allocator-size-nav-mesh-worker=65536"
    "memorysetup-temp-allocator-size-audio-worker=65536"
    "memorysetup-temp-allocator-size-cloud-worker=32768"
    "memorysetup-temp-allocator-size-gi-baking-worker=262144"
    "memorysetup-temp-allocator-size-gfx=262144"
Player connection [6704] Host "[IP] 192.168.2.241 [Port] 0 [Flags] 2 [Guid] 3037505671 [EditorId] 3037505671 [Version] 1048832 [Id] WindowsEditor(7,DESKTOP-8KQM4AH) [Debug] 1 [PackageName] WindowsEditor [ProjectName] Editor" joined multi-casting on [225.0.0.222:54997]...

Player connection [6704] Host "[IP] 192.168.2.241 [Port] 0 [Flags] 2 [Guid] 3037505671 [EditorId] 3037505671 [Version] 1048832 [Id] WindowsEditor(7,DESKTOP-8KQM4AH) [Debug] 1 [PackageName] WindowsEditor [ProjectName] Editor" joined alternative multi-casting on [225.0.0.222:34997]...

[Physics::Module] Initialized MultithreadedJobDispatcher with 7 workers.
Refreshing native plugins compatible for Editor in 16.22 ms, found 4 plugins.
Preloading 0 native plugins for Editor in 0.00 ms.
Initialize engine version: 2022.3.27f1 (73effa14754f)
[Subsystems] Discovering subsystems at path C:/Program Files/Unity/Hub/Editor/2022.3.27f1/Editor/Data/Resources/UnitySubsystems
[Subsystems] Discovering subsystems at path G:/PRU_GroupProject/Arcane_Realms/Assets
GfxDevice: creating device client; threaded=0; jobified=0
Direct3D:
    Version:  Direct3D 11.0 [level 11.1]
    Renderer: Intel(R) UHD Graphics 620 (ID=0x5917)
    Vendor:   Intel
    VRAM:     6092 MB
    Driver:   27.20.100.9664
Initialize mono
Mono path[0] = 'C:/Program Files/Unity/Hub/Editor/2022.3.27f1/Editor/Data/Managed'
Mono path[1] = 'C:/Program Files/Unity/Hub/Editor/2022.3.27f1/Editor/Data/MonoBleedingEdge/lib/mono/unityjit-win32'
Mono config path = 'C:/Program Files/Unity/Hub/Editor/2022.3.27f1/Editor/Data/MonoBleedingEdge/etc'
Using monoOptions --debugger-agent=transport=dt_socket,embedding=1,server=y,suspend=n,address=127.0.0.1:56572
Begin MonoManager ReloadAssembly
Registering precompiled unity dll's ...
Register platform support module: C:/Program Files/Unity/Hub/Editor/2022.3.27f1/Editor/Data/PlaybackEngines/WindowsStandaloneSupport/UnityEditor.WindowsStandalone.Extensions.dll
Registered in 0.015938 seconds.
- Loaded All Assemblies, in  0.773 seconds
Native extension for WindowsStandalone target not found
Mono: successfully reloaded assembly
- Finished resetting the current domain, in  0.658 seconds
Domain Reload Profiling: 1429ms
	BeginReloadAssembly (211ms)
		ExecutionOrderSort (0ms)
		DisableScriptedObjects (0ms)
		BackupInstance (0ms)
		ReleaseScriptingObjects (0ms)
		CreateAndSetChildDomain (2ms)
	RebuildCommonClasses (86ms)
	RebuildNativeTypeToScriptingClass (28ms)
	initialDomainReloadingComplete (129ms)
	LoadAllAssembliesAndSetupDomain (315ms)
		LoadAssemblies (207ms)
		RebuildTransferFunctionScriptingTraits (0ms)
		AnalyzeDomain (312ms)
			TypeCache.Refresh (310ms)
				TypeCache.ScanAssembly (283ms)
			ScanForSourceGeneratedMonoScriptInfo (0ms)
			ResolveRequiredComponents (1ms)
	FinalizeReload (659ms)
		ReleaseScriptCaches (0ms)
		RebuildScriptCaches (0ms)
		SetupLoadedEditorAssemblies (535ms)
			LogAssemblyErrors (0ms)
			InitializePlatformSupportModulesInManaged (17ms)
			SetLoadedEditorAssemblies (13ms)
			RefreshPlugins (0ms)
			BeforeProcessingInitializeOnLoad (5ms)
			ProcessInitializeOnLoadAttributes (388ms)
			ProcessInitializeOnLoadMethodAttributes (113ms)
			AfterProcessingInitializeOnLoad (0ms)
			EditorAssembliesLoaded (0ms)
		ExecutionOrderSort2 (0ms)
		AwakeInstancesAfterBackupRestoration (0ms)
========================================================================
Worker process is ready to serve import requests
Begin MonoManager ReloadAssembly
- Loaded All Assemblies, in  1.235 seconds
Refreshing native plugins compatible for Editor in 5.53 ms, found 4 plugins.
Native extension for WindowsStandalone target not found
Package Manager log level set to [2]
[Package Manager] Server::EnsureServerProcessIsRunning -- launch failed, reason: Unity was launched with the -noUpm command-line argument
[Package Manager] UpmClient::Send -- Unable to send message (not connected to UPM process).
[Package Manager] Cannot connect to Unity Package Manager local server
Mono: successfully reloaded assembly
- Finished resetting the current domain, in  1.353 seconds
Domain Reload Profiling: 2586ms
	BeginReloadAssembly (262ms)
		ExecutionOrderSort (0ms)
		DisableScriptedObjects (13ms)
		BackupInstance (0ms)
		ReleaseScriptingObjects (0ms)
		CreateAndSetChildDomain (32ms)
	RebuildCommonClasses (57ms)
	RebuildNativeTypeToScriptingClass (17ms)
	initialDomainReloadingComplete (73ms)
	LoadAllAssembliesAndSetupDomain (823ms)
		LoadAssemblies (537ms)
		RebuildTransferFunctionScriptingTraits (0ms)
		AnalyzeDomain (425ms)
			TypeCache.Refresh (368ms)
				TypeCache.ScanAssembly (337ms)
			ScanForSourceGeneratedMonoScriptInfo (42ms)
			ResolveRequiredComponents (13ms)
	FinalizeReload (1353ms)
		ReleaseScriptCaches (0ms)
		RebuildScriptCaches (0ms)
		SetupLoadedEditorAssemblies (1017ms)
			LogAssemblyErrors (0ms)
			InitializePlatformSupportModulesInManaged (10ms)
			SetLoadedEditorAssemblies (8ms)
			RefreshPlugins (0ms)
			BeforeProcessingInitializeOnLoad (139ms)
			ProcessInitializeOnLoadAttributes (776ms)
			ProcessInitializeOnLoadMethodAttributes (70ms)
			AfterProcessingInitializeOnLoad (14ms)
			EditorAssembliesLoaded (0ms)
		ExecutionOrderSort2 (0ms)
		AwakeInstancesAfterBackupRestoration (15ms)
Launched and connected shader compiler UnityShaderCompiler.exe after 0.09 seconds
Refreshing native plugins compatible for Editor in 6.87 ms, found 4 plugins.
Preloading 0 native plugins for Editor in 0.00 ms.
Unloading 4048 Unused Serialized files (Serialized files now loaded: 0)
Unloading 65 unused Assets / (61.6 KB). Loaded Objects now: 4514.
Memory consumption went from 153.0 MB to 153.0 MB.
Total: 7.944600 ms (FindLiveObjects: 0.583300 ms CreateObjectMapping: 0.587100 ms MarkObjects: 6.525300 ms  DeleteObjects: 0.247400 ms)

AssetImportParameters requested are different than current active one (requested -> active):
  custom:container-demuxer-ogg: 62fdf1f143b41e24485cea50d1cbac27 -> 
  custom:video-decoder-ogg-theora: a1e56fd34408186e4bbccfd4996cb3dc -> 
  custom:framework-win-MediaFoundation: 216162199b28c13a410421893ffa2e32 -> 
  custom:CustomObjectIndexerAttribute: 9a22284fe3817be447336de3de66b15e -> 
  custom:container-demuxer-webm: 4f35f7cbe854078d1ac9338744f61a02 -> 
  custom:container-muxer-webm: aa71ff27fc2769a1b78a27578f13a17b -> 
  custom:video-decoder-webm-vp8: 9c59270c3fd7afecdb556c50c9e8de78 -> 
  custom:SearchIndexIgnoredProperties: e643bd26f0fe6173181afceb89e7c659 -> 
  custom:AudioImporter_EditorPlatform: d09bf68614088b80899f8185d706f6e7 -> 
  custom:video-encoder-webm-vp8: eb34c28f22e8b96e1ab97ce403110664 -> 
  custom:audio-decoder-ogg-vorbis: bf7c407c2cedff20999df2af8eb42d56 -> 
  custom:audio-encoder-webm-vorbis: bf7c407c2cedff20999df2af8eb42d56 -> 
========================================================================
Received Import Request.
  Time since last request: 137107.185553 seconds.
  path: Assets/Tiles/TilesetDesert_17.asset
  artifactKey: Guid(626753c5e4edd7b48a703c27cb18728b) Importer(815301076,1909f56bfc062723c751e8b465ee728b)
Start importing Assets/Tiles/TilesetDesert_17.asset using Guid(626753c5e4edd7b48a703c27cb18728b) Importer(815301076,1909f56bfc062723c751e8b465ee728b)  -> (artifact id: 'b53312256752c63bb15d8ee8a99415e2') in 0.063785 seconds
Number of updated asset objects reloaded before import = 0
Number of asset objects unloaded after import = 1
========================================================================
Received Import Request.
  Time since last request: 78.462304 seconds.
  path: Assets/Ninja Adventure - Asset Pack/Items/AllPreview.png
  artifactKey: Guid(d32002a8a0ea0364bb1f5a0ef79a25af) Importer(815301076,1909f56bfc062723c751e8b465ee728b)
Start importing Assets/Ninja Adventure - Asset Pack/Items/AllPreview.png using Guid(d32002a8a0ea0364bb1f5a0ef79a25af) Importer(815301076,1909f56bfc062723c751e8b465ee728b)  -> (artifact id: 'd902b12ce5fe5c86ebdee2f8488667e2') in 0.625977 seconds
Number of updated asset objects reloaded before import = 0
Number of asset objects unloaded after import = 3
========================================================================
Received Import Request.
  Time since last request: 4.739113 seconds.
  path: Assets/Ninja Adventure - Asset Pack/Example 1.gif
  artifactKey: Guid(432788a5d6d47d34689afb4da00c68dc) Importer(815301076,1909f56bfc062723c751e8b465ee728b)
Start importing Assets/Ninja Adventure - Asset Pack/Example 1.gif using Guid(432788a5d6d47d34689afb4da00c68dc) Importer(815301076,1909f56bfc062723c751e8b465ee728b)  -> (artifact id: 'a9798475b97373cba4b5e01648a37d51') in 0.036141 seconds
Number of updated asset objects reloaded before import = 0
Number of asset objects unloaded after import = 3
========================================================================
Received Import Request.
  Time since last request: 0.000020 seconds.
  path: Assets/Ninja Adventure - Asset Pack/Example 3.gif
  artifactKey: Guid(577d75b0986396243adf4778b4807e77) Importer(815301076,1909f56bfc062723c751e8b465ee728b)
Start importing Assets/Ninja Adventure - Asset Pack/Example 3.gif using Guid(577d75b0986396243adf4778b4807e77) Importer(815301076,1909f56bfc062723c751e8b465ee728b)  -> (artifact id: 'adb0ba82e63289442103f2797c133d2c') in 0.021848 seconds
Number of updated asset objects reloaded before import = 0
Number of asset objects unloaded after import = 3
========================================================================
Received Import Request.
  Time since last request: 0.000016 seconds.
  path: Assets/Ninja Adventure - Asset Pack/Example 4.gif
  artifactKey: Guid(fe74b072196e12440bc7c6a2ddeb0307) Importer(815301076,1909f56bfc062723c751e8b465ee728b)
Start importing Assets/Ninja Adventure - Asset Pack/Example 4.gif using Guid(fe74b072196e12440bc7c6a2ddeb0307) Importer(815301076,1909f56bfc062723c751e8b465ee728b)  -> (artifact id: 'f4d56746c8802644ec63b354d7551534') in 0.027516 seconds
Number of updated asset objects reloaded before import = 0
Number of asset objects unloaded after import = 3
========================================================================
Received Import Request.
  Time since last request: 0.000065 seconds.
  path: Assets/Ninja Adventure - Asset Pack/MusicCover.png
  artifactKey: Guid(d266f793c0d792b4c871d5c8bef170d6) Importer(815301076,1909f56bfc062723c751e8b465ee728b)
Start importing Assets/Ninja Adventure - Asset Pack/MusicCover.png using Guid(d266f793c0d792b4c871d5c8bef170d6) Importer(815301076,1909f56bfc062723c751e8b465ee728b)  -> (artifact id: '0bbc7a9f07f98784125fd0548d6ab909') in 0.030127 seconds
Number of updated asset objects reloaded before import = 0
Number of asset objects unloaded after import = 3
========================================================================
Received Import Request.
  Time since last request: 0.000036 seconds.
  path: Assets/Ninja Adventure - Asset Pack/Palette.png
  artifactKey: Guid(f48e9202aee096c40a1d4260c47138b6) Importer(815301076,1909f56bfc062723c751e8b465ee728b)
Start importing Assets/Ninja Adventure - Asset Pack/Palette.png using Guid(f48e9202aee096c40a1d4260c47138b6) Importer(815301076,1909f56bfc062723c751e8b465ee728b)  -> (artifact id: '96ec238687ddd4f6886bc78188ac557b') in 0.029113 seconds
Number of updated asset objects reloaded before import = 0
Number of asset objects unloaded after import = 3
========================================================================
Received Import Request.
  Time since last request: 0.000057 seconds.
  path: Assets/Ninja Adventure - Asset Pack/preview-part-2.png
  artifactKey: Guid(55c7b40fe6fd9534cbb430690bb810f0) Importer(815301076,1909f56bfc062723c751e8b465ee728b)
Start importing Assets/Ninja Adventure - Asset Pack/preview-part-2.png using Guid(55c7b40fe6fd9534cbb430690bb810f0) Importer(815301076,1909f56bfc062723c751e8b465ee728b)  -> (artifact id: '6c2e61eecd962537ce95d983756c2010') in 0.032402 seconds
Number of updated asset objects reloaded before import = 0
Number of asset objects unloaded after import = 3
========================================================================
Received Import Request.
  Time since last request: 41.479387 seconds.
  path: Assets/Ninja Adventure - Asset Pack/Musics/2 - The Cave.ogg
  artifactKey: Guid(59a5a6c182d7ad04fb1ca837b9020ea2) Importer(815301076,1909f56bfc062723c751e8b465ee728b)
Start importing Assets/Ninja Adventure - Asset Pack/Musics/2 - The Cave.ogg using Guid(59a5a6c182d7ad04fb1ca837b9020ea2) Importer(815301076,1909f56bfc062723c751e8b465ee728b)  -> (artifact id: 'b5dbdc79de663dde89bfb5f3abe44b46') in 0.121626 seconds
Number of updated asset objects reloaded before import = 0
Number of asset objects unloaded after import = 2
========================================================================
Received Import Request.
  Time since last request: 0.000038 seconds.
  path: Assets/Ninja Adventure - Asset Pack/Musics/9 - Quiet.ogg
  artifactKey: Guid(199b584028cfff94897c99a06e2d1cf2) Importer(815301076,1909f56bfc062723c751e8b465ee728b)
Start importing Assets/Ninja Adventure - Asset Pack/Musics/9 - Quiet.ogg using Guid(199b584028cfff94897c99a06e2d1cf2) Importer(815301076,1909f56bfc062723c751e8b465ee728b)  -> (artifact id: '41d5dd3bfff26fddd169868c02656762') in 0.025269 seconds
Number of updated asset objects reloaded before import = 0
Number of asset objects unloaded after import = 2
========================================================================
Received Import Request.
  Time since last request: 0.000026 seconds.
  path: Assets/Ninja Adventure - Asset Pack/Musics/15 - Credit Theme.ogg
  artifactKey: Guid(e0a59e26bd0ed1a4a8219a275c0babb4) Importer(815301076,1909f56bfc062723c751e8b465ee728b)
Start importing Assets/Ninja Adventure - Asset Pack/Musics/15 - Credit Theme.ogg using Guid(e0a59e26bd0ed1a4a8219a275c0babb4) Importer(815301076,1909f56bfc062723c751e8b465ee728b)  -> (artifact id: '1878f1a81c93ad852fb57e816ae01f7e') in 0.026808 seconds
Number of updated asset objects reloaded before import = 0
Number of asset objects unloaded after import = 2
========================================================================
Received Import Request.
  Time since last request: 0.000334 seconds.
  path: Assets/Ninja Adventure - Asset Pack/Musics/5 - Peaceful.ogg
  artifactKey: Guid(72d3e918e752f29439268b4195077864) Importer(815301076,1909f56bfc062723c751e8b465ee728b)
Start importing Assets/Ninja Adventure - Asset Pack/Musics/5 - Peaceful.ogg using Guid(72d3e918e752f29439268b4195077864) Importer(815301076,1909f56bfc062723c751e8b465ee728b)  -> (artifact id: '62430a46e837404115bf48e93f82a975') in 0.022614 seconds
Number of updated asset objects reloaded before import = 0
Number of asset objects unloaded after import = 2
========================================================================
Received Import Request.
  Time since last request: 0.000035 seconds.
  path: Assets/Ninja Adventure - Asset Pack/Musics/25 - End Theme 2.ogg
  artifactKey: Guid(461ca67c0124f3d4e95de1a2d741ed70) Importer(815301076,1909f56bfc062723c751e8b465ee728b)
Start importing Assets/Ninja Adventure - Asset Pack/Musics/25 - End Theme 2.ogg using Guid(461ca67c0124f3d4e95de1a2d741ed70) Importer(815301076,1909f56bfc062723c751e8b465ee728b)  -> (artifact id: '0e3f11af3e0b724d6291a7583ad4b649') in 0.039643 seconds
Number of updated asset objects reloaded before import = 0
Number of asset objects unloaded after import = 2
========================================================================
Received Import Request.
  Time since last request: 0.000092 seconds.
  path: Assets/Ninja Adventure - Asset Pack/Musics/13 - Mystical.ogg
  artifactKey: Guid(d646aec99e1147543b328b5b4cd8faa6) Importer(815301076,1909f56bfc062723c751e8b465ee728b)
Start importing Assets/Ninja Adventure - Asset Pack/Musics/13 - Mystical.ogg using Guid(d646aec99e1147543b328b5b4cd8faa6) Importer(815301076,1909f56bfc062723c751e8b465ee728b)  -> (artifact id: '5fb430bccbc1e6541965bfde992f367b') in 0.027138 seconds
Number of updated asset objects reloaded before import = 0
Number of asset objects unloaded after import = 2
========================================================================
Received Import Request.
  Time since last request: 0.000055 seconds.
  path: Assets/Ninja Adventure - Asset Pack/Musics/12 - Temple.ogg
  artifactKey: Guid(5e958d85c3ab6394eb13231ad6d2b581) Importer(815301076,1909f56bfc062723c751e8b465ee728b)
Start importing Assets/Ninja Adventure - Asset Pack/Musics/12 - Temple.ogg using Guid(5e958d85c3ab6394eb13231ad6d2b581) Importer(815301076,1909f56bfc062723c751e8b465ee728b)  -> (artifact id: 'b99cfe7b0a50418edd9a77ec436da1d6') in 0.023853 seconds
Number of updated asset objects reloaded before import = 0
Number of asset objects unloaded after import = 2
========================================================================
Received Import Request.
  Time since last request: 0.000022 seconds.
  path: Assets/Ninja Adventure - Asset Pack/Musics/19 - Ascension.ogg
  artifactKey: Guid(edbf5790971b9434c953a809a4239e54) Importer(815301076,1909f56bfc062723c751e8b465ee728b)
Start importing Assets/Ninja Adventure - Asset Pack/Musics/19 - Ascension.ogg using Guid(edbf5790971b9434c953a809a4239e54) Importer(815301076,1909f56bfc062723c751e8b465ee728b)  -> (artifact id: 'c1dc91bbd952ca557ef602042b5fdcbd') in 0.022584 seconds
Number of updated asset objects reloaded before import = 0
Number of asset objects unloaded after import = 2
========================================================================
Received Import Request.
  Time since last request: 0.000021 seconds.
  path: Assets/Ninja Adventure - Asset Pack/Musics/18 - Aquatic.ogg
  artifactKey: Guid(f84a68687f34b55499245c3621749272) Importer(815301076,1909f56bfc062723c751e8b465ee728b)
Start importing Assets/Ninja Adventure - Asset Pack/Musics/18 - Aquatic.ogg using Guid(f84a68687f34b55499245c3621749272) Importer(815301076,1909f56bfc062723c751e8b465ee728b)  -> (artifact id: '8b5224372a1afab095cc1dc5cb3e6308') in 0.024361 seconds
Number of updated asset objects reloaded before import = 0
Number of asset objects unloaded after import = 2
========================================================================
Received Import Request.
  Time since last request: 0.000028 seconds.
  path: Assets/Ninja Adventure - Asset Pack/Musics/7 - Sad Theme.ogg
  artifactKey: Guid(74ef7672502f06146ae09eeb76b34a16) Importer(815301076,1909f56bfc062723c751e8b465ee728b)
Start importing Assets/Ninja Adventure - Asset Pack/Musics/7 - Sad Theme.ogg using Guid(74ef7672502f06146ae09eeb76b34a16) Importer(815301076,1909f56bfc062723c751e8b465ee728b)  -> (artifact id: 'bec39a0827e7e33cd651894e7c0ee318') in 0.023826 seconds
Number of updated asset objects reloaded before import = 0
Number of asset objects unloaded after import = 2
========================================================================
Received Import Request.
  Time since last request: 0.000039 seconds.
  path: Assets/Ninja Adventure - Asset Pack/Musics/14 - Curse.ogg
  artifactKey: Guid(c141b9ec0ff5cef40898c03b0087c72b) Importer(815301076,1909f56bfc062723c751e8b465ee728b)
Start importing Assets/Ninja Adventure - Asset Pack/Musics/14 - Curse.ogg using Guid(c141b9ec0ff5cef40898c03b0087c72b) Importer(815301076,1909f56bfc062723c751e8b465ee728b)  -> (artifact id: '66eaa817c67b57dddaed7eff5f913afb') in 0.022475 seconds
Number of updated asset objects reloaded before import = 0
Number of asset objects unloaded after import = 2
Editor requested this worker to shutdown with reason: Scaling down because of idle timeout
TcpMessagingSession - receive error: operation aborted. errorcode: 995, details: The I/O operation has been aborted because of either a thread exit or an application request.
AssetImportWorker is now disconnected from the server
Process exiting
Exiting without the bug reporter. Application will terminate with return code 0