Using pre-set license
Built from '2022.3/staging' branch; Version is '2022.3.27f1 (73effa14754f) revision 7598074'; Using compiler version '192829333'; Build Type 'Release'
OS: 'Windows 11  (10.0.22631) 64bit Core' Language: 'en' Physical Memory: 12185 MB
BatchMode: 1, IsHumanControllingUs: 0, StartBugReporterOnCrash: 0, Is64bit: 1, IsPro: 1

COMMAND LINE ARGUMENTS:
C:\Program Files\Unity\Hub\Editor\2022.3.27f1\Editor\Unity.exe
-adb2
-batchMode
-noUpm
-name
AssetImportWorker0
-projectPath
G:/PRU_GroupProject/Arcane_Realms
-logFile
Logs/AssetImportWorker0.log
-srvPort
53533
Successfully changed project path to: G:/PRU_GroupProject/Arcane_Realms
G:/PRU_GroupProject/Arcane_Realms
[UnityMemory] Configuration Parameters - Can be set up in boot.config
    "memorysetup-bucket-allocator-granularity=16"
    "memorysetup-bucket-allocator-bucket-count=8"
    "memorysetup-bucket-allocator-block-size=33554432"
    "memorysetup-bucket-allocator-block-count=8"
    "memorysetup-main-allocator-block-size=16777216"
    "memorysetup-thread-allocator-block-size=16777216"
    "memorysetup-gfx-main-allocator-block-size=16777216"
    "memorysetup-gfx-thread-allocator-block-size=16777216"
    "memorysetup-cache-allocator-block-size=4194304"
    "memorysetup-typetree-allocator-block-size=2097152"
    "memorysetup-profiler-bucket-allocator-granularity=16"
    "memorysetup-profiler-bucket-allocator-bucket-count=8"
    "memorysetup-profiler-bucket-allocator-block-size=33554432"
    "memorysetup-profiler-bucket-allocator-block-count=8"
    "memorysetup-profiler-allocator-block-size=16777216"
    "memorysetup-profiler-editor-allocator-block-size=1048576"
    "memorysetup-temp-allocator-size-main=16777216"
    "memorysetup-job-temp-allocator-block-size=2097152"
    "memorysetup-job-temp-allocator-block-size-background=1048576"
    "memorysetup-job-temp-allocator-reduction-small-platforms=262144"
    "memorysetup-allocator-temp-initial-block-size-main=262144"
    "memorysetup-allocator-temp-initial-block-size-worker=262144"
    "memorysetup-temp-allocator-size-background-worker=32768"
    "memorysetup-temp-allocator-size-job-worker=262144"
    "memorysetup-temp-allocator-size-preload-manager=33554432"
    "memorysetup-temp-allocator-size-nav-mesh-worker=65536"
    "memorysetup-temp-allocator-size-audio-worker=65536"
    "memorysetup-temp-allocator-size-cloud-worker=32768"
    "memorysetup-temp-allocator-size-gi-baking-worker=262144"
    "memorysetup-temp-allocator-size-gfx=262144"
Player connection [11384] Host "[IP] 192.168.2.128 [Port] 0 [Flags] 2 [Guid] 958389974 [EditorId] 958389974 [Version] 1048832 [Id] WindowsEditor(7,DESKTOP-8KQM4AH) [Debug] 1 [PackageName] WindowsEditor [ProjectName] Editor" joined multi-casting on [225.0.0.222:54997]...

Player connection [11384] Host "[IP] 192.168.2.128 [Port] 0 [Flags] 2 [Guid] 958389974 [EditorId] 958389974 [Version] 1048832 [Id] WindowsEditor(7,DESKTOP-8KQM4AH) [Debug] 1 [PackageName] WindowsEditor [ProjectName] Editor" joined alternative multi-casting on [225.0.0.222:34997]...

[Physics::Module] Initialized MultithreadedJobDispatcher with 7 workers.
Refreshing native plugins compatible for Editor in 18.72 ms, found 4 plugins.
Preloading 0 native plugins for Editor in 0.00 ms.
Initialize engine version: 2022.3.27f1 (73effa14754f)
[Subsystems] Discovering subsystems at path C:/Program Files/Unity/Hub/Editor/2022.3.27f1/Editor/Data/Resources/UnitySubsystems
[Subsystems] Discovering subsystems at path G:/PRU_GroupProject/Arcane_Realms/Assets
GfxDevice: creating device client; threaded=0; jobified=0
Direct3D:
    Version:  Direct3D 11.0 [level 11.1]
    Renderer: Intel(R) UHD Graphics 620 (ID=0x5917)
    Vendor:   Intel
    VRAM:     6092 MB
    Driver:   27.20.100.9664
Initialize mono
Mono path[0] = 'C:/Program Files/Unity/Hub/Editor/2022.3.27f1/Editor/Data/Managed'
Mono path[1] = 'C:/Program Files/Unity/Hub/Editor/2022.3.27f1/Editor/Data/MonoBleedingEdge/lib/mono/unityjit-win32'
Mono config path = 'C:/Program Files/Unity/Hub/Editor/2022.3.27f1/Editor/Data/MonoBleedingEdge/etc'
Using monoOptions --debugger-agent=transport=dt_socket,embedding=1,server=y,suspend=n,address=127.0.0.1:56636
Begin MonoManager ReloadAssembly
Registering precompiled unity dll's ...
Register platform support module: C:/Program Files/Unity/Hub/Editor/2022.3.27f1/Editor/Data/PlaybackEngines/WindowsStandaloneSupport/UnityEditor.WindowsStandalone.Extensions.dll
Registered in 0.017020 seconds.
- Loaded All Assemblies, in  1.651 seconds
Native extension for WindowsStandalone target not found
Mono: successfully reloaded assembly
- Finished resetting the current domain, in  0.789 seconds
Domain Reload Profiling: 2435ms
	BeginReloadAssembly (491ms)
		ExecutionOrderSort (0ms)
		DisableScriptedObjects (0ms)
		BackupInstance (0ms)
		ReleaseScriptingObjects (0ms)
		CreateAndSetChildDomain (1ms)
	RebuildCommonClasses (127ms)
	RebuildNativeTypeToScriptingClass (64ms)
	initialDomainReloadingComplete (246ms)
	LoadAllAssembliesAndSetupDomain (716ms)
		LoadAssemblies (489ms)
		RebuildTransferFunctionScriptingTraits (0ms)
		AnalyzeDomain (710ms)
			TypeCache.Refresh (706ms)
				TypeCache.ScanAssembly (644ms)
			ScanForSourceGeneratedMonoScriptInfo (1ms)
			ResolveRequiredComponents (2ms)
	FinalizeReload (792ms)
		ReleaseScriptCaches (0ms)
		RebuildScriptCaches (0ms)
		SetupLoadedEditorAssemblies (535ms)
			LogAssemblyErrors (0ms)
			InitializePlatformSupportModulesInManaged (49ms)
			SetLoadedEditorAssemblies (22ms)
			RefreshPlugins (0ms)
			BeforeProcessingInitializeOnLoad (6ms)
			ProcessInitializeOnLoadAttributes (385ms)
			ProcessInitializeOnLoadMethodAttributes (73ms)
			AfterProcessingInitializeOnLoad (0ms)
			EditorAssembliesLoaded (0ms)
		ExecutionOrderSort2 (0ms)
		AwakeInstancesAfterBackupRestoration (0ms)
========================================================================
Worker process is ready to serve import requests
Begin MonoManager ReloadAssembly
- Loaded All Assemblies, in  1.936 seconds
Refreshing native plugins compatible for Editor in 7.72 ms, found 4 plugins.
Native extension for WindowsStandalone target not found
Package Manager log level set to [2]
[Package Manager] Server::EnsureServerProcessIsRunning -- launch failed, reason: Unity was launched with the -noUpm command-line argument
[Package Manager] UpmClient::Send -- Unable to send message (not connected to UPM process).
[Package Manager] Cannot connect to Unity Package Manager local server
Mono: successfully reloaded assembly
- Finished resetting the current domain, in  1.905 seconds
Domain Reload Profiling: 3840ms
	BeginReloadAssembly (485ms)
		ExecutionOrderSort (0ms)
		DisableScriptedObjects (13ms)
		BackupInstance (0ms)
		ReleaseScriptingObjects (0ms)
		CreateAndSetChildDomain (66ms)
	RebuildCommonClasses (111ms)
	RebuildNativeTypeToScriptingClass (39ms)
	initialDomainReloadingComplete (112ms)
	LoadAllAssembliesAndSetupDomain (1186ms)
		LoadAssemblies (945ms)
		RebuildTransferFunctionScriptingTraits (0ms)
		AnalyzeDomain (572ms)
			TypeCache.Refresh (493ms)
				TypeCache.ScanAssembly (440ms)
			ScanForSourceGeneratedMonoScriptInfo (63ms)
			ResolveRequiredComponents (14ms)
	FinalizeReload (1907ms)
		ReleaseScriptCaches (0ms)
		RebuildScriptCaches (0ms)
		SetupLoadedEditorAssemblies (1407ms)
			LogAssemblyErrors (0ms)
			InitializePlatformSupportModulesInManaged (15ms)
			SetLoadedEditorAssemblies (7ms)
			RefreshPlugins (0ms)
			BeforeProcessingInitializeOnLoad (200ms)
			ProcessInitializeOnLoadAttributes (1053ms)
			ProcessInitializeOnLoadMethodAttributes (114ms)
			AfterProcessingInitializeOnLoad (18ms)
			EditorAssembliesLoaded (0ms)
		ExecutionOrderSort2 (0ms)
		AwakeInstancesAfterBackupRestoration (16ms)
Launched and connected shader compiler UnityShaderCompiler.exe after 0.22 seconds
Refreshing native plugins compatible for Editor in 27.72 ms, found 4 plugins.
Preloading 0 native plugins for Editor in 0.00 ms.
Unloading 4034 Unused Serialized files (Serialized files now loaded: 0)
Unloading 65 unused Assets / (61.6 KB). Loaded Objects now: 4494.
Memory consumption went from 143.4 MB to 143.3 MB.
Total: 33.436900 ms (FindLiveObjects: 0.679200 ms CreateObjectMapping: 0.695200 ms MarkObjects: 31.522200 ms  DeleteObjects: 0.536900 ms)

AssetImportParameters requested are different than current active one (requested -> active):
  custom:container-demuxer-ogg: 62fdf1f143b41e24485cea50d1cbac27 -> 
  custom:video-decoder-ogg-theora: a1e56fd34408186e4bbccfd4996cb3dc -> 
  custom:framework-win-MediaFoundation: 216162199b28c13a410421893ffa2e32 -> 
  custom:CustomObjectIndexerAttribute: 9a22284fe3817be447336de3de66b15e -> 
  custom:container-demuxer-webm: 4f35f7cbe854078d1ac9338744f61a02 -> 
  custom:container-muxer-webm: aa71ff27fc2769a1b78a27578f13a17b -> 
  custom:video-decoder-webm-vp8: 9c59270c3fd7afecdb556c50c9e8de78 -> 
  custom:SearchIndexIgnoredProperties: e643bd26f0fe6173181afceb89e7c659 -> 
  custom:AudioImporter_EditorPlatform: d09bf68614088b80899f8185d706f6e7 -> 
  custom:video-encoder-webm-vp8: eb34c28f22e8b96e1ab97ce403110664 -> 
  custom:audio-decoder-ogg-vorbis: bf7c407c2cedff20999df2af8eb42d56 -> 
  custom:audio-encoder-webm-vorbis: bf7c407c2cedff20999df2af8eb42d56 -> 
========================================================================
Received Import Request.
  Time since last request: 278731.509573 seconds.
  path: Assets/Ninja Adventure - Asset Pack/Ninja Adventure - Asset Pack/Backgrounds/Tilesets/Pipes.png
  artifactKey: Guid(906b6686ef0011543ac59ffbb0516a00) Importer(815301076,1909f56bfc062723c751e8b465ee728b)
Start importing Assets/Ninja Adventure - Asset Pack/Ninja Adventure - Asset Pack/Backgrounds/Tilesets/Pipes.png using Guid(906b6686ef0011543ac59ffbb0516a00) Importer(815301076,1909f56bfc062723c751e8b465ee728b)  -> (artifact id: 'c17df942fe0e10859c166c7ffe0cbebd') in 0.276561 seconds
Number of updated asset objects reloaded before import = 0
Number of asset objects unloaded after import = 44
========================================================================
Received Import Request.
  Time since last request: 215.373129 seconds.
  path: Assets/Ninja Adventure - Asset Pack/Ninja Adventure - Asset Pack/Backgrounds/Tilesets/TilesetDesert.png
  artifactKey: Guid(4c631d0f4e6a0a0489d44460d1799e70) Importer(815301076,1909f56bfc062723c751e8b465ee728b)
Start importing Assets/Ninja Adventure - Asset Pack/Ninja Adventure - Asset Pack/Backgrounds/Tilesets/TilesetDesert.png using Guid(4c631d0f4e6a0a0489d44460d1799e70) Importer(815301076,1909f56bfc062723c751e8b465ee728b)  -> (artifact id: '0f65e9947c2606b1e0cf7aff4cf029eb') in 0.020958 seconds
Number of updated asset objects reloaded before import = 0
Number of asset objects unloaded after import = 2
========================================================================
Received Import Request.
  Time since last request: 16.077434 seconds.
  path: Assets/Ninja Adventure - Asset Pack/Ninja Adventure - Asset Pack/Backgrounds/Tilesets/TilesetDesert.png
  artifactKey: Guid(4c631d0f4e6a0a0489d44460d1799e70) Importer(815301076,1909f56bfc062723c751e8b465ee728b)
Start importing Assets/Ninja Adventure - Asset Pack/Ninja Adventure - Asset Pack/Backgrounds/Tilesets/TilesetDesert.png using Guid(4c631d0f4e6a0a0489d44460d1799e70) Importer(815301076,1909f56bfc062723c751e8b465ee728b)  -> (artifact id: 'fd5c8a633f2ee09d77dca1868a75a649') in 0.880904 seconds
Number of updated asset objects reloaded before import = 0
Number of asset objects unloaded after import = 230
========================================================================
Received Import Request.
  Time since last request: 121.694163 seconds.
  path: Assets/Ninja Adventure - Asset Pack/Ninja Adventure - Asset Pack/Backgrounds/Tilesets/TilesetElement.png
  artifactKey: Guid(af7be10a4d38eb34da9a5d8f9d311c83) Importer(815301076,1909f56bfc062723c751e8b465ee728b)
Start importing Assets/Ninja Adventure - Asset Pack/Ninja Adventure - Asset Pack/Backgrounds/Tilesets/TilesetElement.png using Guid(af7be10a4d38eb34da9a5d8f9d311c83) Importer(815301076,1909f56bfc062723c751e8b465ee728b)  -> (artifact id: 'b14caf96ea0a4e4c11d36ca0da2303c1') in 0.016200 seconds
Number of updated asset objects reloaded before import = 0
Number of asset objects unloaded after import = 2
========================================================================
Received Import Request.
  Time since last request: 23.432793 seconds.
  path: Assets/Ninja Adventure - Asset Pack/Ninja Adventure - Asset Pack/Backgrounds/Tilesets/TilesetElement.png
  artifactKey: Guid(af7be10a4d38eb34da9a5d8f9d311c83) Importer(815301076,1909f56bfc062723c751e8b465ee728b)
Start importing Assets/Ninja Adventure - Asset Pack/Ninja Adventure - Asset Pack/Backgrounds/Tilesets/TilesetElement.png using Guid(af7be10a4d38eb34da9a5d8f9d311c83) Importer(815301076,1909f56bfc062723c751e8b465ee728b)  -> (artifact id: 'e93586eeacace9ecf137958a5b611277') in 0.555372 seconds
Number of updated asset objects reloaded before import = 0
Number of asset objects unloaded after import = 148
========================================================================
Received Import Request.
  Time since last request: 152.906694 seconds.
  path: Assets/Ninja Adventure - Asset Pack/Ninja Adventure - Asset Pack/Backgrounds/Tilesets/TilesetElement.png
  artifactKey: Guid(af7be10a4d38eb34da9a5d8f9d311c83) Importer(815301076,1909f56bfc062723c751e8b465ee728b)
Start importing Assets/Ninja Adventure - Asset Pack/Ninja Adventure - Asset Pack/Backgrounds/Tilesets/TilesetElement.png using Guid(af7be10a4d38eb34da9a5d8f9d311c83) Importer(815301076,1909f56bfc062723c751e8b465ee728b)  -> (artifact id: '16e71588f6c756663dd2caf57edeb777') in 0.604516 seconds
Number of updated asset objects reloaded before import = 0
Number of asset objects unloaded after import = 148
========================================================================
Received Import Request.
  Time since last request: 41.249662 seconds.
  path: Assets/Ninja Adventure - Asset Pack/Ninja Adventure - Asset Pack/Backgrounds/Tilesets/TilesetField.png
  artifactKey: Guid(1153bef40049d524cb324c81b47d7126) Importer(815301076,1909f56bfc062723c751e8b465ee728b)
Start importing Assets/Ninja Adventure - Asset Pack/Ninja Adventure - Asset Pack/Backgrounds/Tilesets/TilesetField.png using Guid(1153bef40049d524cb324c81b47d7126) Importer(815301076,1909f56bfc062723c751e8b465ee728b)  -> (artifact id: '528d70516eb65be87ec782e97226858a') in 0.021262 seconds
Number of updated asset objects reloaded before import = 0
Number of asset objects unloaded after import = 3
========================================================================
Received Import Request.
  Time since last request: 7.404212 seconds.
  path: Assets/Ninja Adventure - Asset Pack/Ninja Adventure - Asset Pack/Backgrounds/Tilesets/TilesetField.png
  artifactKey: Guid(1153bef40049d524cb324c81b47d7126) Importer(815301076,1909f56bfc062723c751e8b465ee728b)
Start importing Assets/Ninja Adventure - Asset Pack/Ninja Adventure - Asset Pack/Backgrounds/Tilesets/TilesetField.png using Guid(1153bef40049d524cb324c81b47d7126) Importer(815301076,1909f56bfc062723c751e8b465ee728b)  -> (artifact id: 'acefcd45f536d8bbc64dbf3f306da1e8') in 0.014944 seconds
Number of updated asset objects reloaded before import = 0
Number of asset objects unloaded after import = 2
========================================================================
Received Import Request.
  Time since last request: 20.937386 seconds.
  path: Assets/Ninja Adventure - Asset Pack/Ninja Adventure - Asset Pack/Backgrounds/Tilesets/TilesetField.png
  artifactKey: Guid(1153bef40049d524cb324c81b47d7126) Importer(815301076,1909f56bfc062723c751e8b465ee728b)
Start importing Assets/Ninja Adventure - Asset Pack/Ninja Adventure - Asset Pack/Backgrounds/Tilesets/TilesetField.png using Guid(1153bef40049d524cb324c81b47d7126) Importer(815301076,1909f56bfc062723c751e8b465ee728b)  -> (artifact id: 'cbab2c992fceb4c158b85abd8d6e37fc') in 0.237481 seconds
Number of updated asset objects reloaded before import = 0
Number of asset objects unloaded after import = 67
========================================================================
Received Import Request.
  Time since last request: 32.399359 seconds.
  path: Assets/Ninja Adventure - Asset Pack/Ninja Adventure - Asset Pack/Backgrounds/Tilesets/TilesetFloor.png
  artifactKey: Guid(130e55c36b0b91c42a4c4981c773b045) Importer(815301076,1909f56bfc062723c751e8b465ee728b)
Start importing Assets/Ninja Adventure - Asset Pack/Ninja Adventure - Asset Pack/Backgrounds/Tilesets/TilesetFloor.png using Guid(130e55c36b0b91c42a4c4981c773b045) Importer(815301076,1909f56bfc062723c751e8b465ee728b)  -> (artifact id: '204c57e4ba44756da37949bd1136e0ad') in 0.019096 seconds
Number of updated asset objects reloaded before import = 0
Number of asset objects unloaded after import = 2
========================================================================
Received Import Request.
  Time since last request: 10.278654 seconds.
  path: Assets/Ninja Adventure - Asset Pack/Ninja Adventure - Asset Pack/Backgrounds/Tilesets/TilesetFloor.png
  artifactKey: Guid(130e55c36b0b91c42a4c4981c773b045) Importer(815301076,1909f56bfc062723c751e8b465ee728b)
Start importing Assets/Ninja Adventure - Asset Pack/Ninja Adventure - Asset Pack/Backgrounds/Tilesets/TilesetFloor.png using Guid(130e55c36b0b91c42a4c4981c773b045) Importer(815301076,1909f56bfc062723c751e8b465ee728b)  -> (artifact id: 'afed7d5dc2594e5cb44e1c882dd803a7') in 1.507533 seconds
Number of updated asset objects reloaded before import = 0
Number of asset objects unloaded after import = 460
========================================================================
Received Import Request.
  Time since last request: 50.364352 seconds.
  path: Assets/Ninja Adventure - Asset Pack/Ninja Adventure - Asset Pack/Backgrounds/Tilesets/TilesetFloorB.png
  artifactKey: Guid(41b200d7c4a325246844857362d72dc2) Importer(815301076,1909f56bfc062723c751e8b465ee728b)
Start importing Assets/Ninja Adventure - Asset Pack/Ninja Adventure - Asset Pack/Backgrounds/Tilesets/TilesetFloorB.png using Guid(41b200d7c4a325246844857362d72dc2) Importer(815301076,1909f56bfc062723c751e8b465ee728b)  -> (artifact id: '5b77e499c180032d8689306e0993c617') in 0.018541 seconds
Number of updated asset objects reloaded before import = 0
Number of asset objects unloaded after import = 2
========================================================================
Received Import Request.
  Time since last request: 7.122845 seconds.
  path: Assets/Ninja Adventure - Asset Pack/Ninja Adventure - Asset Pack/Backgrounds/Tilesets/TilesetFloorB.png
  artifactKey: Guid(41b200d7c4a325246844857362d72dc2) Importer(815301076,1909f56bfc062723c751e8b465ee728b)
Start importing Assets/Ninja Adventure - Asset Pack/Ninja Adventure - Asset Pack/Backgrounds/Tilesets/TilesetFloorB.png using Guid(41b200d7c4a325246844857362d72dc2) Importer(815301076,1909f56bfc062723c751e8b465ee728b)  -> (artifact id: '5135d31ad40ce5c1a3b85b86d7196c23') in 0.191864 seconds
Number of updated asset objects reloaded before import = 0
Number of asset objects unloaded after import = 50
========================================================================
Received Import Request.
  Time since last request: 20.569146 seconds.
  path: Assets/Ninja Adventure - Asset Pack/Ninja Adventure - Asset Pack/Backgrounds/Tilesets/TilesetFloorDetail.png
  artifactKey: Guid(a1dc71f572daa644c95781661ab7cd6d) Importer(815301076,1909f56bfc062723c751e8b465ee728b)
Start importing Assets/Ninja Adventure - Asset Pack/Ninja Adventure - Asset Pack/Backgrounds/Tilesets/TilesetFloorDetail.png using Guid(a1dc71f572daa644c95781661ab7cd6d) Importer(815301076,1909f56bfc062723c751e8b465ee728b)  -> (artifact id: 'e869bb9b759bb3fda11779518d11b712') in 0.017769 seconds
Number of updated asset objects reloaded before import = 0
Number of asset objects unloaded after import = 2
========================================================================
Received Import Request.
  Time since last request: 6.330426 seconds.
  path: Assets/Ninja Adventure - Asset Pack/Ninja Adventure - Asset Pack/Backgrounds/Tilesets/TilesetFloorDetail.png
  artifactKey: Guid(a1dc71f572daa644c95781661ab7cd6d) Importer(815301076,1909f56bfc062723c751e8b465ee728b)
Start importing Assets/Ninja Adventure - Asset Pack/Ninja Adventure - Asset Pack/Backgrounds/Tilesets/TilesetFloorDetail.png using Guid(a1dc71f572daa644c95781661ab7cd6d) Importer(815301076,1909f56bfc062723c751e8b465ee728b)  -> (artifact id: '00b553754710461435ce62db1a611157') in 0.143373 seconds
Number of updated asset objects reloaded before import = 0
Number of asset objects unloaded after import = 35
========================================================================
Received Import Request.
  Time since last request: 11.418219 seconds.
  path: Assets/Ninja Adventure - Asset Pack/Ninja Adventure - Asset Pack/Backgrounds/Tilesets/TilesetHole.png
  artifactKey: Guid(60e4e07b500d1ad4cbe5524518bb8f9b) Importer(815301076,1909f56bfc062723c751e8b465ee728b)
Start importing Assets/Ninja Adventure - Asset Pack/Ninja Adventure - Asset Pack/Backgrounds/Tilesets/TilesetHole.png using Guid(60e4e07b500d1ad4cbe5524518bb8f9b) Importer(815301076,1909f56bfc062723c751e8b465ee728b)  -> (artifact id: '7d33bb1fac2905f00f0b99de17ab8619') in 0.017146 seconds
Number of updated asset objects reloaded before import = 0
Number of asset objects unloaded after import = 2
========================================================================
Received Import Request.
  Time since last request: 5.575224 seconds.
  path: Assets/Ninja Adventure - Asset Pack/Ninja Adventure - Asset Pack/Backgrounds/Tilesets/TilesetHole.png
  artifactKey: Guid(60e4e07b500d1ad4cbe5524518bb8f9b) Importer(815301076,1909f56bfc062723c751e8b465ee728b)
Start importing Assets/Ninja Adventure - Asset Pack/Ninja Adventure - Asset Pack/Backgrounds/Tilesets/TilesetHole.png using Guid(60e4e07b500d1ad4cbe5524518bb8f9b) Importer(815301076,1909f56bfc062723c751e8b465ee728b)  -> (artifact id: '8f0ebb03c3c3ca3ca8c459da0bf77b81') in 0.193627 seconds
Number of updated asset objects reloaded before import = 0
Number of asset objects unloaded after import = 49
========================================================================
Received Import Request.
  Time since last request: 12.106883 seconds.
  path: Assets/Ninja Adventure - Asset Pack/Ninja Adventure - Asset Pack/Backgrounds/Tilesets/TilesetHouse.png
  artifactKey: Guid(b979d687cba7ca34ea7509bf9c648bef) Importer(815301076,1909f56bfc062723c751e8b465ee728b)
Start importing Assets/Ninja Adventure - Asset Pack/Ninja Adventure - Asset Pack/Backgrounds/Tilesets/TilesetHouse.png using Guid(b979d687cba7ca34ea7509bf9c648bef) Importer(815301076,1909f56bfc062723c751e8b465ee728b)  -> (artifact id: '061e5309618d2aa48dbc408ac5a058f4') in 0.023217 seconds
Number of updated asset objects reloaded before import = 0
Number of asset objects unloaded after import = 2
========================================================================
Received Import Request.
  Time since last request: 8.913865 seconds.
  path: Assets/Ninja Adventure - Asset Pack/Ninja Adventure - Asset Pack/Backgrounds/Tilesets/TilesetHouse.png
  artifactKey: Guid(b979d687cba7ca34ea7509bf9c648bef) Importer(815301076,1909f56bfc062723c751e8b465ee728b)
Start importing Assets/Ninja Adventure - Asset Pack/Ninja Adventure - Asset Pack/Backgrounds/Tilesets/TilesetHouse.png using Guid(b979d687cba7ca34ea7509bf9c648bef) Importer(815301076,1909f56bfc062723c751e8b465ee728b)  -> (artifact id: 'd6460b2d7d976cafc167acbe77cb2a05') in 2.240940 seconds
Number of updated asset objects reloaded before import = 0
Number of asset objects unloaded after import = 650
========================================================================
Received Import Request.
  Time since last request: 71.722918 seconds.
  path: Assets/Ninja Adventure - Asset Pack/Ninja Adventure - Asset Pack/Backgrounds/Tilesets/TilesetLogic.png
  artifactKey: Guid(0a8bb793252fe0046bd7a82c64e377c6) Importer(815301076,1909f56bfc062723c751e8b465ee728b)
Start importing Assets/Ninja Adventure - Asset Pack/Ninja Adventure - Asset Pack/Backgrounds/Tilesets/TilesetLogic.png using Guid(0a8bb793252fe0046bd7a82c64e377c6) Importer(815301076,1909f56bfc062723c751e8b465ee728b)  -> (artifact id: '0f30d8244781e061c10b35396107ed8e') in 0.020556 seconds
Number of updated asset objects reloaded before import = 0
Number of asset objects unloaded after import = 2
========================================================================
Received Import Request.
  Time since last request: 3.984386 seconds.
  path: Assets/Ninja Adventure - Asset Pack/Ninja Adventure - Asset Pack/Backgrounds/Tilesets/TilesetLogic.png
  artifactKey: Guid(0a8bb793252fe0046bd7a82c64e377c6) Importer(815301076,1909f56bfc062723c751e8b465ee728b)
Start importing Assets/Ninja Adventure - Asset Pack/Ninja Adventure - Asset Pack/Backgrounds/Tilesets/TilesetLogic.png using Guid(0a8bb793252fe0046bd7a82c64e377c6) Importer(815301076,1909f56bfc062723c751e8b465ee728b)  -> (artifact id: '5e8017e2e565a5db457e517243bcd04a') in 0.297544 seconds
Number of updated asset objects reloaded before import = 0
Number of asset objects unloaded after import = 82
========================================================================
Received Import Request.
  Time since last request: 32.982795 seconds.
  path: Assets/Ninja Adventure - Asset Pack/Ninja Adventure - Asset Pack/Backgrounds/Tilesets/TilesetNature.png
  artifactKey: Guid(43e0a229cec385149b0cc37060885e1a) Importer(815301076,1909f56bfc062723c751e8b465ee728b)
Start importing Assets/Ninja Adventure - Asset Pack/Ninja Adventure - Asset Pack/Backgrounds/Tilesets/TilesetNature.png using Guid(43e0a229cec385149b0cc37060885e1a) Importer(815301076,1909f56bfc062723c751e8b465ee728b)  -> (artifact id: 'ad1e6793eef09f73ad13e664804f7b84') in 0.018191 seconds
Number of updated asset objects reloaded before import = 0
Number of asset objects unloaded after import = 2
========================================================================
Received Import Request.
  Time since last request: 9.306174 seconds.
  path: Assets/Ninja Adventure - Asset Pack/Ninja Adventure - Asset Pack/Backgrounds/Tilesets/TilesetNature.png
  artifactKey: Guid(43e0a229cec385149b0cc37060885e1a) Importer(815301076,1909f56bfc062723c751e8b465ee728b)
Start importing Assets/Ninja Adventure - Asset Pack/Ninja Adventure - Asset Pack/Backgrounds/Tilesets/TilesetNature.png using Guid(43e0a229cec385149b0cc37060885e1a) Importer(815301076,1909f56bfc062723c751e8b465ee728b)  -> (artifact id: '82398594af986883c4e1f810d38cac55') in 1.407007 seconds
Number of updated asset objects reloaded before import = 0
Number of asset objects unloaded after import = 385
========================================================================
Received Import Request.
  Time since last request: 49.770435 seconds.
  path: Assets/Ninja Adventure - Asset Pack/Ninja Adventure - Asset Pack/Backgrounds/Tilesets/TilesetRelief.png
  artifactKey: Guid(fa994166eccaddf44bc3f144a7d06886) Importer(815301076,1909f56bfc062723c751e8b465ee728b)
Start importing Assets/Ninja Adventure - Asset Pack/Ninja Adventure - Asset Pack/Backgrounds/Tilesets/TilesetRelief.png using Guid(fa994166eccaddf44bc3f144a7d06886) Importer(815301076,1909f56bfc062723c751e8b465ee728b)  -> (artifact id: '95599f7d301b0fc1eef71de467ac753d') in 0.017838 seconds
Number of updated asset objects reloaded before import = 0
Number of asset objects unloaded after import = 2
========================================================================
Received Import Request.
  Time since last request: 4.941459 seconds.
  path: Assets/Ninja Adventure - Asset Pack/Ninja Adventure - Asset Pack/Backgrounds/Tilesets/TilesetRelief.png
  artifactKey: Guid(fa994166eccaddf44bc3f144a7d06886) Importer(815301076,1909f56bfc062723c751e8b465ee728b)
Start importing Assets/Ninja Adventure - Asset Pack/Ninja Adventure - Asset Pack/Backgrounds/Tilesets/TilesetRelief.png using Guid(fa994166eccaddf44bc3f144a7d06886) Importer(815301076,1909f56bfc062723c751e8b465ee728b)  -> (artifact id: 'caf85d0847d63af798faee710fa46e72') in 0.358345 seconds
Number of updated asset objects reloaded before import = 0
Number of asset objects unloaded after import = 100
========================================================================
Received Import Request.
  Time since last request: 21.856000 seconds.
  path: Assets/Ninja Adventure - Asset Pack/Ninja Adventure - Asset Pack/Backgrounds/Tilesets/TilesetReliefDetail.png
  artifactKey: Guid(8b54166af96f9c944a72d76698f81f92) Importer(815301076,1909f56bfc062723c751e8b465ee728b)
Start importing Assets/Ninja Adventure - Asset Pack/Ninja Adventure - Asset Pack/Backgrounds/Tilesets/TilesetReliefDetail.png using Guid(8b54166af96f9c944a72d76698f81f92) Importer(815301076,1909f56bfc062723c751e8b465ee728b)  -> (artifact id: '0503d1af6d20a38f0ea812ab803770e3') in 0.020560 seconds
Number of updated asset objects reloaded before import = 0
Number of asset objects unloaded after import = 2
========================================================================
Received Import Request.
  Time since last request: 6.472659 seconds.
  path: Assets/Ninja Adventure - Asset Pack/Ninja Adventure - Asset Pack/Backgrounds/Tilesets/TilesetReliefDetail.png
  artifactKey: Guid(8b54166af96f9c944a72d76698f81f92) Importer(815301076,1909f56bfc062723c751e8b465ee728b)
Start importing Assets/Ninja Adventure - Asset Pack/Ninja Adventure - Asset Pack/Backgrounds/Tilesets/TilesetReliefDetail.png using Guid(8b54166af96f9c944a72d76698f81f92) Importer(815301076,1909f56bfc062723c751e8b465ee728b)  -> (artifact id: '3049c1b70af012e86ab228ba69ba582a') in 0.204233 seconds
Number of updated asset objects reloaded before import = 0
Number of asset objects unloaded after import = 53
========================================================================
Received Import Request.
  Time since last request: 19.215404 seconds.
  path: Assets/Ninja Adventure - Asset Pack/Ninja Adventure - Asset Pack/Backgrounds/Tilesets/TilesetVillageAbandoned.png
  artifactKey: Guid(0df1d69ba0ba80641a209f85fde3264d) Importer(815301076,1909f56bfc062723c751e8b465ee728b)
Start importing Assets/Ninja Adventure - Asset Pack/Ninja Adventure - Asset Pack/Backgrounds/Tilesets/TilesetVillageAbandoned.png using Guid(0df1d69ba0ba80641a209f85fde3264d) Importer(815301076,1909f56bfc062723c751e8b465ee728b)  -> (artifact id: 'd557a95fd1b2b40d1ce2959cea48afee') in 0.022818 seconds
Number of updated asset objects reloaded before import = 0
Number of asset objects unloaded after import = 2
========================================================================
Received Import Request.
  Time since last request: 5.077680 seconds.
  path: Assets/Ninja Adventure - Asset Pack/Ninja Adventure - Asset Pack/Backgrounds/Tilesets/TilesetVillageAbandoned.png
  artifactKey: Guid(0df1d69ba0ba80641a209f85fde3264d) Importer(815301076,1909f56bfc062723c751e8b465ee728b)
Start importing Assets/Ninja Adventure - Asset Pack/Ninja Adventure - Asset Pack/Backgrounds/Tilesets/TilesetVillageAbandoned.png using Guid(0df1d69ba0ba80641a209f85fde3264d) Importer(815301076,1909f56bfc062723c751e8b465ee728b)  -> (artifact id: '0469bf3444266ba93d01db20150126ab') in 0.894536 seconds
Number of updated asset objects reloaded before import = 0
Number of asset objects unloaded after import = 236
========================================================================
Received Import Request.
  Time since last request: 24.388694 seconds.
  path: Assets/Ninja Adventure - Asset Pack/Ninja Adventure - Asset Pack/Backgrounds/Tilesets/TilesetWater.png
  artifactKey: Guid(b76b8b9746102ef4e81ab786ff113c88) Importer(815301076,1909f56bfc062723c751e8b465ee728b)
Start importing Assets/Ninja Adventure - Asset Pack/Ninja Adventure - Asset Pack/Backgrounds/Tilesets/TilesetWater.png using Guid(b76b8b9746102ef4e81ab786ff113c88) Importer(815301076,1909f56bfc062723c751e8b465ee728b)  -> (artifact id: 'f1ace0537476708bed99966abc3eb6ba') in 0.020381 seconds
Number of updated asset objects reloaded before import = 0
Number of asset objects unloaded after import = 2
========================================================================
Received Import Request.
  Time since last request: 4.860140 seconds.
  path: Assets/Ninja Adventure - Asset Pack/Ninja Adventure - Asset Pack/Backgrounds/Tilesets/TilesetWater.png
  artifactKey: Guid(b76b8b9746102ef4e81ab786ff113c88) Importer(815301076,1909f56bfc062723c751e8b465ee728b)
Start importing Assets/Ninja Adventure - Asset Pack/Ninja Adventure - Asset Pack/Backgrounds/Tilesets/TilesetWater.png using Guid(b76b8b9746102ef4e81ab786ff113c88) Importer(815301076,1909f56bfc062723c751e8b465ee728b)  -> (artifact id: '7b9eeeca03ddc5c574cedd2693201f96') in 0.920793 seconds
Number of updated asset objects reloaded before import = 0
Number of asset objects unloaded after import = 260
========================================================================
Received Import Request.
  Time since last request: 210.059866 seconds.
  path: Assets/Scenes/SampleScene.unity
  artifactKey: Guid(2cda990e2423bbf4892e6590ba056729) Importer(815301076,1909f56bfc062723c751e8b465ee728b)
Start importing Assets/Scenes/SampleScene.unity using Guid(2cda990e2423bbf4892e6590ba056729) Importer(815301076,1909f56bfc062723c751e8b465ee728b)  -> (artifact id: '295b9dca181f622fb0f0a39c01f0684c') in 0.001220 seconds
Number of updated asset objects reloaded before import = 0
Number of asset objects unloaded after import = 0
========================================================================
Received Import Request.
  Time since last request: 300.010048 seconds.
  path: Assets/Palette/Demo.prefab
  artifactKey: Guid(36949fcc4e4b3e942af1f226eea38635) Importer(815301076,1909f56bfc062723c751e8b465ee728b)
Start importing Assets/Palette/Demo.prefab using Guid(36949fcc4e4b3e942af1f226eea38635) Importer(815301076,1909f56bfc062723c751e8b465ee728b)  -> (artifact id: 'af8c34c17af207c06f94bbf45f18f0f3') in 0.580267 seconds
Number of updated asset objects reloaded before import = 0
Number of asset objects unloaded after import = 95
========================================================================
Received Import Request.
  Time since last request: 14.847380 seconds.
  path: Assets/Ninja Adventure - Asset Pack/Ninja Adventure - Asset Pack/Backgrounds/Vehicles/Boat.png
  artifactKey: Guid(6b51ac0d8d4daf946b2b15b9e9f41890) Importer(815301076,1909f56bfc062723c751e8b465ee728b)
Start importing Assets/Ninja Adventure - Asset Pack/Ninja Adventure - Asset Pack/Backgrounds/Vehicles/Boat.png using Guid(6b51ac0d8d4daf946b2b15b9e9f41890) Importer(815301076,1909f56bfc062723c751e8b465ee728b)  -> (artifact id: 'd9109121470cdcac393751750ddf3383') in 0.020578 seconds
Number of updated asset objects reloaded before import = 0
Number of asset objects unloaded after import = 3
========================================================================
Received Import Request.
  Time since last request: 0.000022 seconds.
  path: Assets/Ninja Adventure - Asset Pack/Ninja Adventure - Asset Pack/Backgrounds/Vehicles/FishNet.png
  artifactKey: Guid(0a9872f84dab38f4fba6f94c55ea3616) Importer(815301076,1909f56bfc062723c751e8b465ee728b)
Start importing Assets/Ninja Adventure - Asset Pack/Ninja Adventure - Asset Pack/Backgrounds/Vehicles/FishNet.png using Guid(0a9872f84dab38f4fba6f94c55ea3616) Importer(815301076,1909f56bfc062723c751e8b465ee728b)  -> (artifact id: '0744fd6df93f7a66f2c1b44e3d9a7ca7') in 0.017611 seconds
Number of updated asset objects reloaded before import = 0
Number of asset objects unloaded after import = 3
========================================================================
Received Import Request.
  Time since last request: 0.000021 seconds.
  path: Assets/Ninja Adventure - Asset Pack/Ninja Adventure - Asset Pack/Backgrounds/Vehicles/Sail.png
  artifactKey: Guid(7a0b221e4af4e5c49bbbcf8edc4192b2) Importer(815301076,1909f56bfc062723c751e8b465ee728b)
Start importing Assets/Ninja Adventure - Asset Pack/Ninja Adventure - Asset Pack/Backgrounds/Vehicles/Sail.png using Guid(7a0b221e4af4e5c49bbbcf8edc4192b2) Importer(815301076,1909f56bfc062723c751e8b465ee728b)  -> (artifact id: '8c82e089559d12f88073c000d703acc8') in 0.027294 seconds
Number of updated asset objects reloaded before import = 0
Number of asset objects unloaded after import = 3
========================================================================
Received Import Request.
  Time since last request: 6.645931 seconds.
  path: Assets/Ninja Adventure - Asset Pack/Ninja Adventure - Asset Pack/FX/AllPreview.png
  artifactKey: Guid(98fee1062b326b947b5f7202ae15dc28) Importer(815301076,1909f56bfc062723c751e8b465ee728b)
Start importing Assets/Ninja Adventure - Asset Pack/Ninja Adventure - Asset Pack/FX/AllPreview.png using Guid(98fee1062b326b947b5f7202ae15dc28) Importer(815301076,1909f56bfc062723c751e8b465ee728b)  -> (artifact id: 'b696c3eb5d9d2ba1040271c8a463f51d') in 0.043516 seconds
Number of updated asset objects reloaded before import = 0
Number of asset objects unloaded after import = 3
========================================================================
Received Import Request.
  Time since last request: 5.082601 seconds.
  path: Assets/Ninja Adventure - Asset Pack/Ninja Adventure - Asset Pack/FX/Elemental/Flam/Preview.gif
  artifactKey: Guid(35da0fb8c718c8942a4b6bcc118de337) Importer(815301076,1909f56bfc062723c751e8b465ee728b)
Start importing Assets/Ninja Adventure - Asset Pack/Ninja Adventure - Asset Pack/FX/Elemental/Flam/Preview.gif using Guid(35da0fb8c718c8942a4b6bcc118de337) Importer(815301076,1909f56bfc062723c751e8b465ee728b)  -> (artifact id: 'f66dc6bc047f0375a1539ac0c2243b4f') in 0.048920 seconds
Number of updated asset objects reloaded before import = 0
Number of asset objects unloaded after import = 3
========================================================================
Received Import Request.
  Time since last request: 1.221755 seconds.
  path: Assets/Ninja Adventure - Asset Pack/Ninja Adventure - Asset Pack/FX/Elemental/Plant/Preview.gif
  artifactKey: Guid(a5eceff6d2d25fa47a1becb7f0faf853) Importer(815301076,1909f56bfc062723c751e8b465ee728b)
Start importing Assets/Ninja Adventure - Asset Pack/Ninja Adventure - Asset Pack/FX/Elemental/Plant/Preview.gif using Guid(a5eceff6d2d25fa47a1becb7f0faf853) Importer(815301076,1909f56bfc062723c751e8b465ee728b)  -> (artifact id: '69479887740cb60b8c96343d0341bd4b') in 0.032286 seconds
Number of updated asset objects reloaded before import = 0
Number of asset objects unloaded after import = 3
========================================================================
Received Import Request.
  Time since last request: 0.000043 seconds.
  path: Assets/Ninja Adventure - Asset Pack/Ninja Adventure - Asset Pack/FX/Elemental/Plant/SpriteSheetB.png
  artifactKey: Guid(9badac59c245b9f4d962faa29d15cb32) Importer(815301076,1909f56bfc062723c751e8b465ee728b)
Start importing Assets/Ninja Adventure - Asset Pack/Ninja Adventure - Asset Pack/FX/Elemental/Plant/SpriteSheetB.png using Guid(9badac59c245b9f4d962faa29d15cb32) Importer(815301076,1909f56bfc062723c751e8b465ee728b)  -> (artifact id: '7639ecee09e43e0c368361771587a189') in 0.022773 seconds
Number of updated asset objects reloaded before import = 0
Number of asset objects unloaded after import = 3
========================================================================
Received Import Request.
  Time since last request: 0.437552 seconds.
  path: Assets/Ninja Adventure - Asset Pack/Ninja Adventure - Asset Pack/FX/Elemental/Ice/Preview.gif
  artifactKey: Guid(a57d6f38bb969c54aa3b01f636052ec1) Importer(815301076,1909f56bfc062723c751e8b465ee728b)
Start importing Assets/Ninja Adventure - Asset Pack/Ninja Adventure - Asset Pack/FX/Elemental/Ice/Preview.gif using Guid(a57d6f38bb969c54aa3b01f636052ec1) Importer(815301076,1909f56bfc062723c751e8b465ee728b)  -> (artifact id: '626db5bcb7a81a0fed7bee32547311ff') in 0.025906 seconds
Number of updated asset objects reloaded before import = 0
Number of asset objects unloaded after import = 3
========================================================================
Received Import Request.
  Time since last request: 0.014536 seconds.
  path: Assets/Ninja Adventure - Asset Pack/Ninja Adventure - Asset Pack/FX/Elemental/Ice/SpriteSheetB.png
  artifactKey: Guid(346d580df9af0d14b8ffe1678c0db011) Importer(815301076,1909f56bfc062723c751e8b465ee728b)
Start importing Assets/Ninja Adventure - Asset Pack/Ninja Adventure - Asset Pack/FX/Elemental/Ice/SpriteSheetB.png using Guid(346d580df9af0d14b8ffe1678c0db011) Importer(815301076,1909f56bfc062723c751e8b465ee728b)  -> (artifact id: '460980337097b8a084ebf431a98bb2f7') in 0.022768 seconds
Number of updated asset objects reloaded before import = 0
Number of asset objects unloaded after import = 3
========================================================================
Received Import Request.
  Time since last request: 14.865448 seconds.
  path: Assets/Ninja Adventure - Asset Pack/Ninja Adventure - Asset Pack/FX/Elemental/Rock/Preview.gif
  artifactKey: Guid(7a77cc14253d22d4ca71398a39decb5e) Importer(815301076,1909f56bfc062723c751e8b465ee728b)
Start importing Assets/Ninja Adventure - Asset Pack/Ninja Adventure - Asset Pack/FX/Elemental/Rock/Preview.gif using Guid(7a77cc14253d22d4ca71398a39decb5e) Importer(815301076,1909f56bfc062723c751e8b465ee728b)  -> (artifact id: '08a3e1c3e6a53bf90ee3672b09543776') in 0.040276 seconds
Number of updated asset objects reloaded before import = 0
Number of asset objects unloaded after import = 3
========================================================================
Received Import Request.
  Time since last request: 0.000025 seconds.
  path: Assets/Ninja Adventure - Asset Pack/Ninja Adventure - Asset Pack/FX/Elemental/Rock/SpriteSheetB.png
  artifactKey: Guid(ee4191a63d2cc2144ba5ef3367674c7a) Importer(815301076,1909f56bfc062723c751e8b465ee728b)
Start importing Assets/Ninja Adventure - Asset Pack/Ninja Adventure - Asset Pack/FX/Elemental/Rock/SpriteSheetB.png using Guid(ee4191a63d2cc2144ba5ef3367674c7a) Importer(815301076,1909f56bfc062723c751e8b465ee728b)  -> (artifact id: 'be641205d2551728903e9793298a6398') in 0.024296 seconds
Number of updated asset objects reloaded before import = 0
Number of asset objects unloaded after import = 3
========================================================================
Received Import Request.
  Time since last request: 9.210329 seconds.
  path: Assets/Ninja Adventure - Asset Pack/Ninja Adventure - Asset Pack/FX/Environment/Fog.png
  artifactKey: Guid(5358c74420eb28049bb8483fa49fa243) Importer(815301076,1909f56bfc062723c751e8b465ee728b)
Start importing Assets/Ninja Adventure - Asset Pack/Ninja Adventure - Asset Pack/FX/Environment/Fog.png using Guid(5358c74420eb28049bb8483fa49fa243) Importer(815301076,1909f56bfc062723c751e8b465ee728b)  -> (artifact id: 'd563505c1e4d0c09f3a54f5962f1c72a') in 0.058419 seconds
Number of updated asset objects reloaded before import = 0
Number of asset objects unloaded after import = 3
========================================================================
Received Import Request.
  Time since last request: 4.276202 seconds.
  path: Assets/Ninja Adventure - Asset Pack/Ninja Adventure - Asset Pack/FX/Particle/AllPreview.png
  artifactKey: Guid(c9a30db630360ab4ea3b79c9de5ece35) Importer(815301076,1909f56bfc062723c751e8b465ee728b)
Start importing Assets/Ninja Adventure - Asset Pack/Ninja Adventure - Asset Pack/FX/Particle/AllPreview.png using Guid(c9a30db630360ab4ea3b79c9de5ece35) Importer(815301076,1909f56bfc062723c751e8b465ee728b)  -> (artifact id: 'd5d6f6b2d846e306ca5831a7e60dc76b') in 0.020858 seconds
Number of updated asset objects reloaded before import = 0
Number of asset objects unloaded after import = 3
========================================================================
Received Import Request.
  Time since last request: 0.086764 seconds.
  path: Assets/Ninja Adventure - Asset Pack/Ninja Adventure - Asset Pack/FX/Particle/Clouds.png
  artifactKey: Guid(ef2bab698049cab4cb4df6c00be7f7e4) Importer(815301076,1909f56bfc062723c751e8b465ee728b)
Start importing Assets/Ninja Adventure - Asset Pack/Ninja Adventure - Asset Pack/FX/Particle/Clouds.png using Guid(ef2bab698049cab4cb4df6c00be7f7e4) Importer(815301076,1909f56bfc062723c751e8b465ee728b)  -> (artifact id: 'd4e1a6323950e4d9eb0736b65e41d99b') in 0.048502 seconds
Number of updated asset objects reloaded before import = 0
Number of asset objects unloaded after import = 3
========================================================================
Received Import Request.
  Time since last request: 0.005504 seconds.
  path: Assets/Ninja Adventure - Asset Pack/Ninja Adventure - Asset Pack/FX/Particle/LeafPink.png
  artifactKey: Guid(c37d595686dde3540ad6b7f2c81b9abf) Importer(815301076,1909f56bfc062723c751e8b465ee728b)
Start importing Assets/Ninja Adventure - Asset Pack/Ninja Adventure - Asset Pack/FX/Particle/LeafPink.png using Guid(c37d595686dde3540ad6b7f2c81b9abf) Importer(815301076,1909f56bfc062723c751e8b465ee728b)  -> (artifact id: '5f7c9c01bfcc4bf41a850984458ebf73') in 0.018127 seconds
Number of updated asset objects reloaded before import = 0
Number of asset objects unloaded after import = 3
========================================================================
Received Import Request.
  Time since last request: 0.007505 seconds.
  path: Assets/Ninja Adventure - Asset Pack/Ninja Adventure - Asset Pack/FX/Particle/RockGray.png
  artifactKey: Guid(fa66d5d8392ad1c4a9950baa1061eea7) Importer(815301076,1909f56bfc062723c751e8b465ee728b)
Start importing Assets/Ninja Adventure - Asset Pack/Ninja Adventure - Asset Pack/FX/Particle/RockGray.png using Guid(fa66d5d8392ad1c4a9950baa1061eea7) Importer(815301076,1909f56bfc062723c751e8b465ee728b)  -> (artifact id: '08e74f759213fd8c2e39c818ed3668e2') in 0.019842 seconds
Number of updated asset objects reloaded before import = 0
Number of asset objects unloaded after import = 3
========================================================================
Received Import Request.
  Time since last request: 0.000023 seconds.
  path: Assets/Ninja Adventure - Asset Pack/Ninja Adventure - Asset Pack/FX/Particle/Leaf.png
  artifactKey: Guid(b2ea2cf6a8cadd74fa7f2bcd9745b494) Importer(815301076,1909f56bfc062723c751e8b465ee728b)
Start importing Assets/Ninja Adventure - Asset Pack/Ninja Adventure - Asset Pack/FX/Particle/Leaf.png using Guid(b2ea2cf6a8cadd74fa7f2bcd9745b494) Importer(815301076,1909f56bfc062723c751e8b465ee728b)  -> (artifact id: 'a15310eec020da1ba727330dd9ff459b') in 0.022662 seconds
Number of updated asset objects reloaded before import = 0
Number of asset objects unloaded after import = 3
========================================================================
Received Import Request.
  Time since last request: 0.000119 seconds.
  path: Assets/Ninja Adventure - Asset Pack/Ninja Adventure - Asset Pack/FX/Particle/Spark.png
  artifactKey: Guid(220042060574ebd4db9f5868e6c9e119) Importer(815301076,1909f56bfc062723c751e8b465ee728b)
Start importing Assets/Ninja Adventure - Asset Pack/Ninja Adventure - Asset Pack/FX/Particle/Spark.png using Guid(220042060574ebd4db9f5868e6c9e119) Importer(815301076,1909f56bfc062723c751e8b465ee728b)  -> (artifact id: '56302ad572bcc9ebadad4d9b88ef1830') in 0.026228 seconds
Number of updated asset objects reloaded before import = 0
Number of asset objects unloaded after import = 3
========================================================================
Received Import Request.
  Time since last request: 0.000132 seconds.
  path: Assets/Ninja Adventure - Asset Pack/Ninja Adventure - Asset Pack/FX/Particle/Vase.png
  artifactKey: Guid(0cc1d9d3cefe40d49b41e92c13ae7fe9) Importer(815301076,1909f56bfc062723c751e8b465ee728b)
Start importing Assets/Ninja Adventure - Asset Pack/Ninja Adventure - Asset Pack/FX/Particle/Vase.png using Guid(0cc1d9d3cefe40d49b41e92c13ae7fe9) Importer(815301076,1909f56bfc062723c751e8b465ee728b)  -> (artifact id: '060d1f9ace46d7f73952771cebc3329c') in 0.032373 seconds
Number of updated asset objects reloaded before import = 0
Number of asset objects unloaded after import = 3
========================================================================
Received Import Request.
  Time since last request: 2.168053 seconds.
  path: Assets/Ninja Adventure - Asset Pack/Ninja Adventure - Asset Pack/FX/Magic/Circle/Preview.gif
  artifactKey: Guid(309ad6cb17f107d4a9e17a55cd355d03) Importer(815301076,1909f56bfc062723c751e8b465ee728b)
Start importing Assets/Ninja Adventure - Asset Pack/Ninja Adventure - Asset Pack/FX/Magic/Circle/Preview.gif using Guid(309ad6cb17f107d4a9e17a55cd355d03) Importer(815301076,1909f56bfc062723c751e8b465ee728b)  -> (artifact id: 'f483d3b68bf52b3d40259288006c4779') in 0.019450 seconds
Number of updated asset objects reloaded before import = 0
Number of asset objects unloaded after import = 3
========================================================================
Received Import Request.
  Time since last request: 0.022694 seconds.
  path: Assets/Ninja Adventure - Asset Pack/Ninja Adventure - Asset Pack/FX/Magic/Circle/PreviewSpark.gif
  artifactKey: Guid(be2a9d5b3bed1a945bd0fe32254a04c9) Importer(815301076,1909f56bfc062723c751e8b465ee728b)
Start importing Assets/Ninja Adventure - Asset Pack/Ninja Adventure - Asset Pack/FX/Magic/Circle/PreviewSpark.gif using Guid(be2a9d5b3bed1a945bd0fe32254a04c9) Importer(815301076,1909f56bfc062723c751e8b465ee728b)  -> (artifact id: '89e3509d99d38584c34ffeef3cd45998') in 0.011121 seconds
Number of updated asset objects reloaded before import = 0
Number of asset objects unloaded after import = 3
========================================================================
Received Import Request.
  Time since last request: 0.034686 seconds.
  path: Assets/Ninja Adventure - Asset Pack/Ninja Adventure - Asset Pack/FX/Magic/Circle/PreviewSpark2.gif
  artifactKey: Guid(55b50b4076757484e88e3b7ed553640b) Importer(815301076,1909f56bfc062723c751e8b465ee728b)
Start importing Assets/Ninja Adventure - Asset Pack/Ninja Adventure - Asset Pack/FX/Magic/Circle/PreviewSpark2.gif using Guid(55b50b4076757484e88e3b7ed553640b) Importer(815301076,1909f56bfc062723c751e8b465ee728b)  -> (artifact id: '1e5ce40e7179e1d9397a3ef46d68ba7b') in 0.020278 seconds
Number of updated asset objects reloaded before import = 0
Number of asset objects unloaded after import = 3
========================================================================
Received Import Request.
  Time since last request: 0.029080 seconds.
  path: Assets/Ninja Adventure - Asset Pack/Ninja Adventure - Asset Pack/FX/Magic/Circle/SpriteSheetSpark.png
  artifactKey: Guid(957564e413042bb439c414f64f7e7ef6) Importer(815301076,1909f56bfc062723c751e8b465ee728b)
Start importing Assets/Ninja Adventure - Asset Pack/Ninja Adventure - Asset Pack/FX/Magic/Circle/SpriteSheetSpark.png using Guid(957564e413042bb439c414f64f7e7ef6) Importer(815301076,1909f56bfc062723c751e8b465ee728b)  -> (artifact id: 'fcfeffed3a9c7aa8ec6792b1d838eca3') in 0.020091 seconds
Number of updated asset objects reloaded before import = 0
Number of asset objects unloaded after import = 3
========================================================================
Received Import Request.
  Time since last request: 0.037528 seconds.
  path: Assets/Ninja Adventure - Asset Pack/Ninja Adventure - Asset Pack/FX/Magic/Circle/SpriteSheetWhite.png
  artifactKey: Guid(13320039f7a3229418d9d7b6c6ec8b07) Importer(815301076,1909f56bfc062723c751e8b465ee728b)
Start importing Assets/Ninja Adventure - Asset Pack/Ninja Adventure - Asset Pack/FX/Magic/Circle/SpriteSheetWhite.png using Guid(13320039f7a3229418d9d7b6c6ec8b07) Importer(815301076,1909f56bfc062723c751e8b465ee728b)  -> (artifact id: '5e22ecd17975c61238397dc91249a825') in 0.025627 seconds
Number of updated asset objects reloaded before import = 0
Number of asset objects unloaded after import = 3
========================================================================
Received Import Request.
  Time since last request: 0.328064 seconds.
  path: Assets/Ninja Adventure - Asset Pack/Ninja Adventure - Asset Pack/FX/Magic/Aura/Preview.gif
  artifactKey: Guid(588bb53c5b4645e40b3f42029c79fea4) Importer(815301076,1909f56bfc062723c751e8b465ee728b)
Start importing Assets/Ninja Adventure - Asset Pack/Ninja Adventure - Asset Pack/FX/Magic/Aura/Preview.gif using Guid(588bb53c5b4645e40b3f42029c79fea4) Importer(815301076,1909f56bfc062723c751e8b465ee728b)  -> (artifact id: '76aea11ab98b53c10429117cdf2ade15') in 0.029681 seconds
Number of updated asset objects reloaded before import = 0
Number of asset objects unloaded after import = 3
========================================================================
Received Import Request.
  Time since last request: 0.000039 seconds.
  path: Assets/Ninja Adventure - Asset Pack/Ninja Adventure - Asset Pack/FX/Magic/Aura/SpriteSheetWhite.png
  artifactKey: Guid(4fbcd2ea92fa87545b8eeeac7ce4a3da) Importer(815301076,1909f56bfc062723c751e8b465ee728b)
Start importing Assets/Ninja Adventure - Asset Pack/Ninja Adventure - Asset Pack/FX/Magic/Aura/SpriteSheetWhite.png using Guid(4fbcd2ea92fa87545b8eeeac7ce4a3da) Importer(815301076,1909f56bfc062723c751e8b465ee728b)  -> (artifact id: '24b5846a61ecd83bf1fdce28354fedc0') in 0.031974 seconds
Number of updated asset objects reloaded before import = 0
Number of asset objects unloaded after import = 3
========================================================================
Received Import Request.
  Time since last request: 12.459529 seconds.
  path: Assets/Ninja Adventure - Asset Pack/Ninja Adventure - Asset Pack/FX/Magic/Shield/Preview.gif
  artifactKey: Guid(d23c92210b193d44395624b66866e182) Importer(815301076,1909f56bfc062723c751e8b465ee728b)
Start importing Assets/Ninja Adventure - Asset Pack/Ninja Adventure - Asset Pack/FX/Magic/Shield/Preview.gif using Guid(d23c92210b193d44395624b66866e182) Importer(815301076,1909f56bfc062723c751e8b465ee728b)  -> (artifact id: 'a21fdd5b8652f8aca7647598cbba3dba') in 0.033827 seconds
Number of updated asset objects reloaded before import = 0
Number of asset objects unloaded after import = 3
========================================================================
Received Import Request.
  Time since last request: 0.000043 seconds.
  path: Assets/Ninja Adventure - Asset Pack/Ninja Adventure - Asset Pack/FX/Magic/Shield/SpriteSheetYellow.png
  artifactKey: Guid(273151b1eca70534695e134bf93b404e) Importer(815301076,1909f56bfc062723c751e8b465ee728b)
Start importing Assets/Ninja Adventure - Asset Pack/Ninja Adventure - Asset Pack/FX/Magic/Shield/SpriteSheetYellow.png using Guid(273151b1eca70534695e134bf93b404e) Importer(815301076,1909f56bfc062723c751e8b465ee728b)  -> (artifact id: '1f3f2e83007997c9c04877473526de58') in 0.020371 seconds
Number of updated asset objects reloaded before import = 0
Number of asset objects unloaded after import = 3
========================================================================
Received Import Request.
  Time since last request: 0.463727 seconds.
  path: Assets/Ninja Adventure - Asset Pack/Ninja Adventure - Asset Pack/FX/Magic/Spark/Preview.gif
  artifactKey: Guid(494b3b30041616540a1785c3173f4a9f) Importer(815301076,1909f56bfc062723c751e8b465ee728b)
Start importing Assets/Ninja Adventure - Asset Pack/Ninja Adventure - Asset Pack/FX/Magic/Spark/Preview.gif using Guid(494b3b30041616540a1785c3173f4a9f) Importer(815301076,1909f56bfc062723c751e8b465ee728b)  -> (artifact id: 'e4de775970b4bcd6d7d5625684909589') in 0.029146 seconds
Number of updated asset objects reloaded before import = 0
Number of asset objects unloaded after import = 3
========================================================================
Received Import Request.
  Time since last request: 11.462023 seconds.
  path: Assets/Ninja Adventure - Asset Pack/Ninja Adventure - Asset Pack/Items/AllPreview.png
  artifactKey: Guid(20998eac3e9fc4142a22c3c0db88f8ff) Importer(815301076,1909f56bfc062723c751e8b465ee728b)
Start importing Assets/Ninja Adventure - Asset Pack/Ninja Adventure - Asset Pack/Items/AllPreview.png using Guid(20998eac3e9fc4142a22c3c0db88f8ff) Importer(815301076,1909f56bfc062723c751e8b465ee728b)  -> (artifact id: 'a79d2f9433712d08a9c52905f09d163f') in 0.021012 seconds
Number of updated asset objects reloaded before import = 0
Number of asset objects unloaded after import = 3
========================================================================
Received Import Request.
  Time since last request: 0.006510 seconds.
  path: Assets/Ninja Adventure - Asset Pack/Ninja Adventure - Asset Pack/Items/WeaponPreview2.png
  artifactKey: Guid(b46abfb30bdef2c46906737f17350e93) Importer(815301076,1909f56bfc062723c751e8b465ee728b)
Start importing Assets/Ninja Adventure - Asset Pack/Ninja Adventure - Asset Pack/Items/WeaponPreview2.png using Guid(b46abfb30bdef2c46906737f17350e93) Importer(815301076,1909f56bfc062723c751e8b465ee728b)  -> (artifact id: '1f28c79ea016138d678026825b61dd37') in 0.020690 seconds
Number of updated asset objects reloaded before import = 0
Number of asset objects unloaded after import = 3
========================================================================
Received Import Request.
  Time since last request: 1.646364 seconds.
  path: Assets/Ninja Adventure - Asset Pack/Ninja Adventure - Asset Pack/Items/Other
  artifactKey: Guid(77d1907bfefe74c49adffa5c8012ed53) Importer(815301076,1909f56bfc062723c751e8b465ee728b)
Start importing Assets/Ninja Adventure - Asset Pack/Ninja Adventure - Asset Pack/Items/Other using Guid(77d1907bfefe74c49adffa5c8012ed53) Importer(815301076,1909f56bfc062723c751e8b465ee728b)  -> (artifact id: '2fa111a3e8bdb2b6750b085f761e568c') in 0.000649 seconds
Number of updated asset objects reloaded before import = 0
Number of asset objects unloaded after import = 0
========================================================================
Received Import Request.
  Time since last request: 0.880738 seconds.
  path: Assets/Ninja Adventure - Asset Pack/Ninja Adventure - Asset Pack/Items/Potion
  artifactKey: Guid(9e46fcc068cf8aa46befa64088803521) Importer(815301076,1909f56bfc062723c751e8b465ee728b)
Start importing Assets/Ninja Adventure - Asset Pack/Ninja Adventure - Asset Pack/Items/Potion using Guid(9e46fcc068cf8aa46befa64088803521) Importer(815301076,1909f56bfc062723c751e8b465ee728b)  -> (artifact id: '712c3a5091b176808a585aba3973448a') in 0.000621 seconds
Number of updated asset objects reloaded before import = 0
Number of asset objects unloaded after import = 0
